[2025-05-04T00:00:27.251+0000] {processor.py:161} INFO - Started process (PID=563) to work on /opt/airflow/dags/pokemon_extraction.py
[2025-05-04T00:00:27.253+0000] {processor.py:830} INFO - Processing file /opt/airflow/dags/pokemon_extraction.py for tasks to queue
[2025-05-04T00:00:27.261+0000] {logging_mixin.py:188} INFO - [2025-05-04T00:00:27.260+0000] {dagbag.py:545} INFO - Filling up the DagBag from /opt/airflow/dags/pokemon_extraction.py
[2025-05-04T00:00:27.348+0000] {processor.py:840} INFO - DAG(s) 'pokemon_extract' retrieved from /opt/airflow/dags/pokemon_extraction.py
[2025-05-04T00:00:27.385+0000] {logging_mixin.py:188} INFO - [2025-05-04T00:00:27.384+0000] {dag.py:3096} INFO - Sync 1 DAGs
[2025-05-04T00:00:27.513+0000] {logging_mixin.py:188} INFO - [2025-05-04T00:00:27.513+0000] {dag.py:3954} INFO - Setting next_dagrun for pokemon_extract to 2025-05-03 10:00:00+00:00, run_after=2025-05-04 10:00:00+00:00
[2025-05-04T00:00:27.593+0000] {processor.py:183} INFO - Processing /opt/airflow/dags/pokemon_extraction.py took 0.374 seconds
[2025-05-04T00:00:57.893+0000] {processor.py:161} INFO - Started process (PID=568) to work on /opt/airflow/dags/pokemon_extraction.py
[2025-05-04T00:00:57.895+0000] {processor.py:830} INFO - Processing file /opt/airflow/dags/pokemon_extraction.py for tasks to queue
[2025-05-04T00:00:57.907+0000] {logging_mixin.py:188} INFO - [2025-05-04T00:00:57.906+0000] {dagbag.py:545} INFO - Filling up the DagBag from /opt/airflow/dags/pokemon_extraction.py
[2025-05-04T00:00:57.987+0000] {processor.py:840} INFO - DAG(s) 'pokemon_extract' retrieved from /opt/airflow/dags/pokemon_extraction.py
[2025-05-04T00:00:58.018+0000] {logging_mixin.py:188} INFO - [2025-05-04T00:00:58.018+0000] {dag.py:3096} INFO - Sync 1 DAGs
[2025-05-04T00:00:58.082+0000] {logging_mixin.py:188} INFO - [2025-05-04T00:00:58.082+0000] {dag.py:3954} INFO - Setting next_dagrun for pokemon_extract to 2025-05-03 10:00:00+00:00, run_after=2025-05-04 10:00:00+00:00
[2025-05-04T00:00:58.136+0000] {processor.py:183} INFO - Processing /opt/airflow/dags/pokemon_extraction.py took 0.264 seconds
[2025-05-04T00:01:28.666+0000] {processor.py:161} INFO - Started process (PID=573) to work on /opt/airflow/dags/pokemon_extraction.py
[2025-05-04T00:01:28.680+0000] {processor.py:830} INFO - Processing file /opt/airflow/dags/pokemon_extraction.py for tasks to queue
[2025-05-04T00:01:28.686+0000] {logging_mixin.py:188} INFO - [2025-05-04T00:01:28.685+0000] {dagbag.py:545} INFO - Filling up the DagBag from /opt/airflow/dags/pokemon_extraction.py
[2025-05-04T00:01:28.759+0000] {processor.py:840} INFO - DAG(s) 'pokemon_extract' retrieved from /opt/airflow/dags/pokemon_extraction.py
[2025-05-04T00:01:28.784+0000] {logging_mixin.py:188} INFO - [2025-05-04T00:01:28.783+0000] {dag.py:3096} INFO - Sync 1 DAGs
[2025-05-04T00:01:28.847+0000] {logging_mixin.py:188} INFO - [2025-05-04T00:01:28.847+0000] {dag.py:3954} INFO - Setting next_dagrun for pokemon_extract to 2025-05-03 10:00:00+00:00, run_after=2025-05-04 10:00:00+00:00
[2025-05-04T00:01:28.886+0000] {processor.py:183} INFO - Processing /opt/airflow/dags/pokemon_extraction.py took 0.238 seconds
[2025-05-04T00:01:59.239+0000] {processor.py:161} INFO - Started process (PID=578) to work on /opt/airflow/dags/pokemon_extraction.py
[2025-05-04T00:01:59.241+0000] {processor.py:830} INFO - Processing file /opt/airflow/dags/pokemon_extraction.py for tasks to queue
[2025-05-04T00:01:59.245+0000] {logging_mixin.py:188} INFO - [2025-05-04T00:01:59.244+0000] {dagbag.py:545} INFO - Filling up the DagBag from /opt/airflow/dags/pokemon_extraction.py
[2025-05-04T00:01:59.293+0000] {processor.py:840} INFO - DAG(s) 'pokemon_extract' retrieved from /opt/airflow/dags/pokemon_extraction.py
[2025-05-04T00:01:59.351+0000] {logging_mixin.py:188} INFO - [2025-05-04T00:01:59.351+0000] {dag.py:3096} INFO - Sync 1 DAGs
[2025-05-04T00:01:59.489+0000] {logging_mixin.py:188} INFO - [2025-05-04T00:01:59.489+0000] {dag.py:3954} INFO - Setting next_dagrun for pokemon_extract to 2025-05-03 10:00:00+00:00, run_after=2025-05-04 10:00:00+00:00
[2025-05-04T00:01:59.659+0000] {processor.py:183} INFO - Processing /opt/airflow/dags/pokemon_extraction.py took 0.435 seconds
[2025-05-04T00:02:30.840+0000] {processor.py:161} INFO - Started process (PID=583) to work on /opt/airflow/dags/pokemon_extraction.py
[2025-05-04T00:02:30.891+0000] {processor.py:830} INFO - Processing file /opt/airflow/dags/pokemon_extraction.py for tasks to queue
[2025-05-04T00:02:30.919+0000] {logging_mixin.py:188} INFO - [2025-05-04T00:02:30.919+0000] {dagbag.py:545} INFO - Filling up the DagBag from /opt/airflow/dags/pokemon_extraction.py
[2025-05-04T00:02:31.174+0000] {processor.py:840} INFO - DAG(s) 'pokemon_extract' retrieved from /opt/airflow/dags/pokemon_extraction.py
[2025-05-04T00:02:31.221+0000] {logging_mixin.py:188} INFO - [2025-05-04T00:02:31.221+0000] {dag.py:3096} INFO - Sync 1 DAGs
[2025-05-04T00:02:31.369+0000] {logging_mixin.py:188} INFO - [2025-05-04T00:02:31.369+0000] {dag.py:3954} INFO - Setting next_dagrun for pokemon_extract to 2025-05-03 10:00:00+00:00, run_after=2025-05-04 10:00:00+00:00
[2025-05-04T00:02:31.499+0000] {processor.py:183} INFO - Processing /opt/airflow/dags/pokemon_extraction.py took 0.685 seconds
[2025-05-04T00:03:01.799+0000] {processor.py:161} INFO - Started process (PID=588) to work on /opt/airflow/dags/pokemon_extraction.py
[2025-05-04T00:03:01.800+0000] {processor.py:830} INFO - Processing file /opt/airflow/dags/pokemon_extraction.py for tasks to queue
[2025-05-04T00:03:01.805+0000] {logging_mixin.py:188} INFO - [2025-05-04T00:03:01.804+0000] {dagbag.py:545} INFO - Filling up the DagBag from /opt/airflow/dags/pokemon_extraction.py
[2025-05-04T00:03:01.856+0000] {processor.py:840} INFO - DAG(s) 'pokemon_extract' retrieved from /opt/airflow/dags/pokemon_extraction.py
[2025-05-04T00:03:01.878+0000] {logging_mixin.py:188} INFO - [2025-05-04T00:03:01.878+0000] {dag.py:3096} INFO - Sync 1 DAGs
[2025-05-04T00:03:01.946+0000] {logging_mixin.py:188} INFO - [2025-05-04T00:03:01.946+0000] {dag.py:3954} INFO - Setting next_dagrun for pokemon_extract to 2025-05-03 10:00:00+00:00, run_after=2025-05-04 10:00:00+00:00
[2025-05-04T00:03:02.005+0000] {processor.py:183} INFO - Processing /opt/airflow/dags/pokemon_extraction.py took 0.226 seconds
[2025-05-04T00:03:32.555+0000] {processor.py:161} INFO - Started process (PID=593) to work on /opt/airflow/dags/pokemon_extraction.py
[2025-05-04T00:03:32.583+0000] {processor.py:830} INFO - Processing file /opt/airflow/dags/pokemon_extraction.py for tasks to queue
[2025-05-04T00:03:32.587+0000] {logging_mixin.py:188} INFO - [2025-05-04T00:03:32.586+0000] {dagbag.py:545} INFO - Filling up the DagBag from /opt/airflow/dags/pokemon_extraction.py
[2025-05-04T00:03:33.021+0000] {processor.py:840} INFO - DAG(s) 'pokemon_extract' retrieved from /opt/airflow/dags/pokemon_extraction.py
[2025-05-04T00:03:33.052+0000] {logging_mixin.py:188} INFO - [2025-05-04T00:03:33.051+0000] {dag.py:3096} INFO - Sync 1 DAGs
[2025-05-04T00:03:33.207+0000] {logging_mixin.py:188} INFO - [2025-05-04T00:03:33.206+0000] {dag.py:3954} INFO - Setting next_dagrun for pokemon_extract to 2025-05-03 10:00:00+00:00, run_after=2025-05-04 10:00:00+00:00
[2025-05-04T00:03:33.313+0000] {processor.py:183} INFO - Processing /opt/airflow/dags/pokemon_extraction.py took 0.792 seconds
[2025-05-04T00:04:03.922+0000] {processor.py:161} INFO - Started process (PID=598) to work on /opt/airflow/dags/pokemon_extraction.py
[2025-05-04T00:04:03.924+0000] {processor.py:830} INFO - Processing file /opt/airflow/dags/pokemon_extraction.py for tasks to queue
[2025-05-04T00:04:03.928+0000] {logging_mixin.py:188} INFO - [2025-05-04T00:04:03.927+0000] {dagbag.py:545} INFO - Filling up the DagBag from /opt/airflow/dags/pokemon_extraction.py
[2025-05-04T00:04:03.974+0000] {processor.py:840} INFO - DAG(s) 'pokemon_extract' retrieved from /opt/airflow/dags/pokemon_extraction.py
[2025-05-04T00:04:03.993+0000] {logging_mixin.py:188} INFO - [2025-05-04T00:04:03.992+0000] {dag.py:3096} INFO - Sync 1 DAGs
[2025-05-04T00:04:04.036+0000] {logging_mixin.py:188} INFO - [2025-05-04T00:04:04.036+0000] {dag.py:3954} INFO - Setting next_dagrun for pokemon_extract to 2025-05-03 10:00:00+00:00, run_after=2025-05-04 10:00:00+00:00
[2025-05-04T00:04:04.071+0000] {processor.py:183} INFO - Processing /opt/airflow/dags/pokemon_extraction.py took 0.158 seconds
[2025-05-04T00:04:34.151+0000] {processor.py:161} INFO - Started process (PID=603) to work on /opt/airflow/dags/pokemon_extraction.py
[2025-05-04T00:04:34.152+0000] {processor.py:830} INFO - Processing file /opt/airflow/dags/pokemon_extraction.py for tasks to queue
[2025-05-04T00:04:34.157+0000] {logging_mixin.py:188} INFO - [2025-05-04T00:04:34.156+0000] {dagbag.py:545} INFO - Filling up the DagBag from /opt/airflow/dags/pokemon_extraction.py
[2025-05-04T00:04:34.201+0000] {processor.py:840} INFO - DAG(s) 'pokemon_extract' retrieved from /opt/airflow/dags/pokemon_extraction.py
[2025-05-04T00:04:34.222+0000] {logging_mixin.py:188} INFO - [2025-05-04T00:04:34.222+0000] {dag.py:3096} INFO - Sync 1 DAGs
[2025-05-04T00:04:34.267+0000] {logging_mixin.py:188} INFO - [2025-05-04T00:04:34.267+0000] {dag.py:3954} INFO - Setting next_dagrun for pokemon_extract to 2025-05-03 10:00:00+00:00, run_after=2025-05-04 10:00:00+00:00
[2025-05-04T00:04:34.306+0000] {processor.py:183} INFO - Processing /opt/airflow/dags/pokemon_extraction.py took 0.166 seconds
[2025-05-04T00:05:05.965+0000] {processor.py:161} INFO - Started process (PID=608) to work on /opt/airflow/dags/pokemon_extraction.py
[2025-05-04T00:05:05.967+0000] {processor.py:830} INFO - Processing file /opt/airflow/dags/pokemon_extraction.py for tasks to queue
[2025-05-04T00:05:05.981+0000] {logging_mixin.py:188} INFO - [2025-05-04T00:05:05.980+0000] {dagbag.py:545} INFO - Filling up the DagBag from /opt/airflow/dags/pokemon_extraction.py
[2025-05-04T00:05:06.074+0000] {processor.py:840} INFO - DAG(s) 'pokemon_extract' retrieved from /opt/airflow/dags/pokemon_extraction.py
[2025-05-04T00:05:06.101+0000] {logging_mixin.py:188} INFO - [2025-05-04T00:05:06.100+0000] {dag.py:3096} INFO - Sync 1 DAGs
[2025-05-04T00:05:06.237+0000] {logging_mixin.py:188} INFO - [2025-05-04T00:05:06.226+0000] {dag.py:3954} INFO - Setting next_dagrun for pokemon_extract to 2025-05-03 10:00:00+00:00, run_after=2025-05-04 10:00:00+00:00
[2025-05-04T00:05:06.501+0000] {processor.py:183} INFO - Processing /opt/airflow/dags/pokemon_extraction.py took 0.571 seconds
[2025-05-04T00:05:36.855+0000] {processor.py:161} INFO - Started process (PID=613) to work on /opt/airflow/dags/pokemon_extraction.py
[2025-05-04T00:05:36.856+0000] {processor.py:830} INFO - Processing file /opt/airflow/dags/pokemon_extraction.py for tasks to queue
[2025-05-04T00:05:36.860+0000] {logging_mixin.py:188} INFO - [2025-05-04T00:05:36.859+0000] {dagbag.py:545} INFO - Filling up the DagBag from /opt/airflow/dags/pokemon_extraction.py
[2025-05-04T00:05:36.909+0000] {processor.py:840} INFO - DAG(s) 'pokemon_extract' retrieved from /opt/airflow/dags/pokemon_extraction.py
[2025-05-04T00:05:36.933+0000] {logging_mixin.py:188} INFO - [2025-05-04T00:05:36.933+0000] {dag.py:3096} INFO - Sync 1 DAGs
[2025-05-04T00:05:36.977+0000] {logging_mixin.py:188} INFO - [2025-05-04T00:05:36.977+0000] {dag.py:3954} INFO - Setting next_dagrun for pokemon_extract to 2025-05-03 10:00:00+00:00, run_after=2025-05-04 10:00:00+00:00
[2025-05-04T00:05:37.013+0000] {processor.py:183} INFO - Processing /opt/airflow/dags/pokemon_extraction.py took 0.168 seconds
[2025-05-04T00:06:07.772+0000] {processor.py:161} INFO - Started process (PID=618) to work on /opt/airflow/dags/pokemon_extraction.py
[2025-05-04T00:06:07.774+0000] {processor.py:830} INFO - Processing file /opt/airflow/dags/pokemon_extraction.py for tasks to queue
[2025-05-04T00:06:07.777+0000] {logging_mixin.py:188} INFO - [2025-05-04T00:06:07.776+0000] {dagbag.py:545} INFO - Filling up the DagBag from /opt/airflow/dags/pokemon_extraction.py
[2025-05-04T00:06:07.812+0000] {processor.py:840} INFO - DAG(s) 'pokemon_extract' retrieved from /opt/airflow/dags/pokemon_extraction.py
[2025-05-04T00:06:07.834+0000] {logging_mixin.py:188} INFO - [2025-05-04T00:06:07.833+0000] {dag.py:3096} INFO - Sync 1 DAGs
[2025-05-04T00:06:07.879+0000] {logging_mixin.py:188} INFO - [2025-05-04T00:06:07.878+0000] {dag.py:3954} INFO - Setting next_dagrun for pokemon_extract to 2025-05-03 10:00:00+00:00, run_after=2025-05-04 10:00:00+00:00
[2025-05-04T00:06:07.926+0000] {processor.py:183} INFO - Processing /opt/airflow/dags/pokemon_extraction.py took 0.163 seconds
[2025-05-04T00:06:38.502+0000] {processor.py:161} INFO - Started process (PID=623) to work on /opt/airflow/dags/pokemon_extraction.py
[2025-05-04T00:06:38.503+0000] {processor.py:830} INFO - Processing file /opt/airflow/dags/pokemon_extraction.py for tasks to queue
[2025-05-04T00:06:38.509+0000] {logging_mixin.py:188} INFO - [2025-05-04T00:06:38.508+0000] {dagbag.py:545} INFO - Filling up the DagBag from /opt/airflow/dags/pokemon_extraction.py
[2025-05-04T00:06:38.572+0000] {processor.py:840} INFO - DAG(s) 'pokemon_extract' retrieved from /opt/airflow/dags/pokemon_extraction.py
[2025-05-04T00:06:38.619+0000] {logging_mixin.py:188} INFO - [2025-05-04T00:06:38.619+0000] {dag.py:3096} INFO - Sync 1 DAGs
[2025-05-04T00:06:38.678+0000] {logging_mixin.py:188} INFO - [2025-05-04T00:06:38.678+0000] {dag.py:3954} INFO - Setting next_dagrun for pokemon_extract to 2025-05-03 10:00:00+00:00, run_after=2025-05-04 10:00:00+00:00
[2025-05-04T00:06:38.752+0000] {processor.py:183} INFO - Processing /opt/airflow/dags/pokemon_extraction.py took 0.261 seconds
[2025-05-04T00:07:09.624+0000] {processor.py:161} INFO - Started process (PID=628) to work on /opt/airflow/dags/pokemon_extraction.py
[2025-05-04T00:07:09.626+0000] {processor.py:830} INFO - Processing file /opt/airflow/dags/pokemon_extraction.py for tasks to queue
[2025-05-04T00:07:09.629+0000] {logging_mixin.py:188} INFO - [2025-05-04T00:07:09.628+0000] {dagbag.py:545} INFO - Filling up the DagBag from /opt/airflow/dags/pokemon_extraction.py
[2025-05-04T00:07:09.669+0000] {processor.py:840} INFO - DAG(s) 'pokemon_extract' retrieved from /opt/airflow/dags/pokemon_extraction.py
[2025-05-04T00:07:09.686+0000] {logging_mixin.py:188} INFO - [2025-05-04T00:07:09.685+0000] {dag.py:3096} INFO - Sync 1 DAGs
[2025-05-04T00:07:09.727+0000] {logging_mixin.py:188} INFO - [2025-05-04T00:07:09.726+0000] {dag.py:3954} INFO - Setting next_dagrun for pokemon_extract to 2025-05-03 10:00:00+00:00, run_after=2025-05-04 10:00:00+00:00
[2025-05-04T00:07:09.773+0000] {processor.py:183} INFO - Processing /opt/airflow/dags/pokemon_extraction.py took 0.160 seconds
[2025-05-04T00:07:39.982+0000] {processor.py:161} INFO - Started process (PID=633) to work on /opt/airflow/dags/pokemon_extraction.py
[2025-05-04T00:07:39.989+0000] {processor.py:830} INFO - Processing file /opt/airflow/dags/pokemon_extraction.py for tasks to queue
[2025-05-04T00:07:39.994+0000] {logging_mixin.py:188} INFO - [2025-05-04T00:07:39.993+0000] {dagbag.py:545} INFO - Filling up the DagBag from /opt/airflow/dags/pokemon_extraction.py
[2025-05-04T00:07:40.031+0000] {processor.py:840} INFO - DAG(s) 'pokemon_extract' retrieved from /opt/airflow/dags/pokemon_extraction.py
[2025-05-04T00:07:40.049+0000] {logging_mixin.py:188} INFO - [2025-05-04T00:07:40.049+0000] {dag.py:3096} INFO - Sync 1 DAGs
[2025-05-04T00:07:40.094+0000] {logging_mixin.py:188} INFO - [2025-05-04T00:07:40.093+0000] {dag.py:3954} INFO - Setting next_dagrun for pokemon_extract to 2025-05-03 10:00:00+00:00, run_after=2025-05-04 10:00:00+00:00
[2025-05-04T00:07:40.129+0000] {processor.py:183} INFO - Processing /opt/airflow/dags/pokemon_extraction.py took 0.164 seconds
[2025-05-04T00:08:10.935+0000] {processor.py:161} INFO - Started process (PID=638) to work on /opt/airflow/dags/pokemon_extraction.py
[2025-05-04T00:08:10.936+0000] {processor.py:830} INFO - Processing file /opt/airflow/dags/pokemon_extraction.py for tasks to queue
[2025-05-04T00:08:10.940+0000] {logging_mixin.py:188} INFO - [2025-05-04T00:08:10.939+0000] {dagbag.py:545} INFO - Filling up the DagBag from /opt/airflow/dags/pokemon_extraction.py
[2025-05-04T00:08:10.991+0000] {processor.py:840} INFO - DAG(s) 'pokemon_extract' retrieved from /opt/airflow/dags/pokemon_extraction.py
[2025-05-04T00:08:11.019+0000] {logging_mixin.py:188} INFO - [2025-05-04T00:08:11.018+0000] {dag.py:3096} INFO - Sync 1 DAGs
[2025-05-04T00:08:11.082+0000] {logging_mixin.py:188} INFO - [2025-05-04T00:08:11.081+0000] {dag.py:3954} INFO - Setting next_dagrun for pokemon_extract to 2025-05-03 10:00:00+00:00, run_after=2025-05-04 10:00:00+00:00
[2025-05-04T00:08:11.148+0000] {processor.py:183} INFO - Processing /opt/airflow/dags/pokemon_extraction.py took 0.228 seconds
[2025-05-04T00:08:41.410+0000] {processor.py:161} INFO - Started process (PID=643) to work on /opt/airflow/dags/pokemon_extraction.py
[2025-05-04T00:08:41.412+0000] {processor.py:830} INFO - Processing file /opt/airflow/dags/pokemon_extraction.py for tasks to queue
[2025-05-04T00:08:41.418+0000] {logging_mixin.py:188} INFO - [2025-05-04T00:08:41.417+0000] {dagbag.py:545} INFO - Filling up the DagBag from /opt/airflow/dags/pokemon_extraction.py
[2025-05-04T00:08:41.462+0000] {processor.py:840} INFO - DAG(s) 'pokemon_extract' retrieved from /opt/airflow/dags/pokemon_extraction.py
[2025-05-04T00:08:41.632+0000] {logging_mixin.py:188} INFO - [2025-05-04T00:08:41.631+0000] {dag.py:3096} INFO - Sync 1 DAGs
[2025-05-04T00:08:41.736+0000] {logging_mixin.py:188} INFO - [2025-05-04T00:08:41.736+0000] {dag.py:3954} INFO - Setting next_dagrun for pokemon_extract to 2025-05-03 10:00:00+00:00, run_after=2025-05-04 10:00:00+00:00
[2025-05-04T00:08:41.802+0000] {processor.py:183} INFO - Processing /opt/airflow/dags/pokemon_extraction.py took 0.412 seconds
[2025-05-04T00:09:12.518+0000] {processor.py:161} INFO - Started process (PID=648) to work on /opt/airflow/dags/pokemon_extraction.py
[2025-05-04T00:09:12.519+0000] {processor.py:830} INFO - Processing file /opt/airflow/dags/pokemon_extraction.py for tasks to queue
[2025-05-04T00:09:12.524+0000] {logging_mixin.py:188} INFO - [2025-05-04T00:09:12.523+0000] {dagbag.py:545} INFO - Filling up the DagBag from /opt/airflow/dags/pokemon_extraction.py
[2025-05-04T00:09:12.563+0000] {processor.py:840} INFO - DAG(s) 'pokemon_extract' retrieved from /opt/airflow/dags/pokemon_extraction.py
[2025-05-04T00:09:12.583+0000] {logging_mixin.py:188} INFO - [2025-05-04T00:09:12.582+0000] {dag.py:3096} INFO - Sync 1 DAGs
[2025-05-04T00:09:12.643+0000] {logging_mixin.py:188} INFO - [2025-05-04T00:09:12.642+0000] {dag.py:3954} INFO - Setting next_dagrun for pokemon_extract to 2025-05-03 10:00:00+00:00, run_after=2025-05-04 10:00:00+00:00
[2025-05-04T00:09:12.743+0000] {processor.py:183} INFO - Processing /opt/airflow/dags/pokemon_extraction.py took 0.235 seconds
[2025-05-04T00:09:43.412+0000] {processor.py:161} INFO - Started process (PID=653) to work on /opt/airflow/dags/pokemon_extraction.py
[2025-05-04T00:09:43.414+0000] {processor.py:830} INFO - Processing file /opt/airflow/dags/pokemon_extraction.py for tasks to queue
[2025-05-04T00:09:43.418+0000] {logging_mixin.py:188} INFO - [2025-05-04T00:09:43.417+0000] {dagbag.py:545} INFO - Filling up the DagBag from /opt/airflow/dags/pokemon_extraction.py
[2025-05-04T00:09:43.462+0000] {processor.py:840} INFO - DAG(s) 'pokemon_extract' retrieved from /opt/airflow/dags/pokemon_extraction.py
[2025-05-04T00:09:43.485+0000] {logging_mixin.py:188} INFO - [2025-05-04T00:09:43.485+0000] {dag.py:3096} INFO - Sync 1 DAGs
[2025-05-04T00:09:43.554+0000] {logging_mixin.py:188} INFO - [2025-05-04T00:09:43.553+0000] {dag.py:3954} INFO - Setting next_dagrun for pokemon_extract to 2025-05-03 10:00:00+00:00, run_after=2025-05-04 10:00:00+00:00
[2025-05-04T00:09:43.597+0000] {processor.py:183} INFO - Processing /opt/airflow/dags/pokemon_extraction.py took 0.196 seconds
[2025-05-04T00:10:13.747+0000] {processor.py:161} INFO - Started process (PID=658) to work on /opt/airflow/dags/pokemon_extraction.py
[2025-05-04T00:10:13.749+0000] {processor.py:830} INFO - Processing file /opt/airflow/dags/pokemon_extraction.py for tasks to queue
[2025-05-04T00:10:13.752+0000] {logging_mixin.py:188} INFO - [2025-05-04T00:10:13.752+0000] {dagbag.py:545} INFO - Filling up the DagBag from /opt/airflow/dags/pokemon_extraction.py
[2025-05-04T00:10:13.793+0000] {processor.py:840} INFO - DAG(s) 'pokemon_extract' retrieved from /opt/airflow/dags/pokemon_extraction.py
[2025-05-04T00:10:13.811+0000] {logging_mixin.py:188} INFO - [2025-05-04T00:10:13.811+0000] {dag.py:3096} INFO - Sync 1 DAGs
[2025-05-04T00:10:13.850+0000] {logging_mixin.py:188} INFO - [2025-05-04T00:10:13.850+0000] {dag.py:3954} INFO - Setting next_dagrun for pokemon_extract to 2025-05-03 10:00:00+00:00, run_after=2025-05-04 10:00:00+00:00
[2025-05-04T00:10:13.882+0000] {processor.py:183} INFO - Processing /opt/airflow/dags/pokemon_extraction.py took 0.145 seconds
[2025-05-04T00:10:44.025+0000] {processor.py:161} INFO - Started process (PID=663) to work on /opt/airflow/dags/pokemon_extraction.py
[2025-05-04T00:10:44.027+0000] {processor.py:830} INFO - Processing file /opt/airflow/dags/pokemon_extraction.py for tasks to queue
[2025-05-04T00:10:44.032+0000] {logging_mixin.py:188} INFO - [2025-05-04T00:10:44.032+0000] {dagbag.py:545} INFO - Filling up the DagBag from /opt/airflow/dags/pokemon_extraction.py
[2025-05-04T00:10:44.077+0000] {processor.py:840} INFO - DAG(s) 'pokemon_extract' retrieved from /opt/airflow/dags/pokemon_extraction.py
[2025-05-04T00:10:44.100+0000] {logging_mixin.py:188} INFO - [2025-05-04T00:10:44.099+0000] {dag.py:3096} INFO - Sync 1 DAGs
[2025-05-04T00:10:44.137+0000] {logging_mixin.py:188} INFO - [2025-05-04T00:10:44.137+0000] {dag.py:3954} INFO - Setting next_dagrun for pokemon_extract to 2025-05-03 10:00:00+00:00, run_after=2025-05-04 10:00:00+00:00
[2025-05-04T00:10:44.168+0000] {processor.py:183} INFO - Processing /opt/airflow/dags/pokemon_extraction.py took 0.153 seconds
[2025-05-04T00:11:14.920+0000] {processor.py:161} INFO - Started process (PID=668) to work on /opt/airflow/dags/pokemon_extraction.py
[2025-05-04T00:11:14.922+0000] {processor.py:830} INFO - Processing file /opt/airflow/dags/pokemon_extraction.py for tasks to queue
[2025-05-04T00:11:14.926+0000] {logging_mixin.py:188} INFO - [2025-05-04T00:11:14.925+0000] {dagbag.py:545} INFO - Filling up the DagBag from /opt/airflow/dags/pokemon_extraction.py
[2025-05-04T00:11:14.967+0000] {processor.py:840} INFO - DAG(s) 'pokemon_extract' retrieved from /opt/airflow/dags/pokemon_extraction.py
[2025-05-04T00:11:14.986+0000] {logging_mixin.py:188} INFO - [2025-05-04T00:11:14.986+0000] {dag.py:3096} INFO - Sync 1 DAGs
[2025-05-04T00:11:15.031+0000] {logging_mixin.py:188} INFO - [2025-05-04T00:11:15.031+0000] {dag.py:3954} INFO - Setting next_dagrun for pokemon_extract to 2025-05-03 10:00:00+00:00, run_after=2025-05-04 10:00:00+00:00
[2025-05-04T00:11:15.060+0000] {processor.py:183} INFO - Processing /opt/airflow/dags/pokemon_extraction.py took 0.149 seconds
[2025-05-04T00:11:45.880+0000] {processor.py:161} INFO - Started process (PID=673) to work on /opt/airflow/dags/pokemon_extraction.py
[2025-05-04T00:11:45.881+0000] {processor.py:830} INFO - Processing file /opt/airflow/dags/pokemon_extraction.py for tasks to queue
[2025-05-04T00:11:45.884+0000] {logging_mixin.py:188} INFO - [2025-05-04T00:11:45.884+0000] {dagbag.py:545} INFO - Filling up the DagBag from /opt/airflow/dags/pokemon_extraction.py
[2025-05-04T00:11:45.920+0000] {processor.py:840} INFO - DAG(s) 'pokemon_extract' retrieved from /opt/airflow/dags/pokemon_extraction.py
[2025-05-04T00:11:45.939+0000] {logging_mixin.py:188} INFO - [2025-05-04T00:11:45.939+0000] {dag.py:3096} INFO - Sync 1 DAGs
[2025-05-04T00:11:45.985+0000] {logging_mixin.py:188} INFO - [2025-05-04T00:11:45.985+0000] {dag.py:3954} INFO - Setting next_dagrun for pokemon_extract to 2025-05-03 10:00:00+00:00, run_after=2025-05-04 10:00:00+00:00
[2025-05-04T00:11:46.012+0000] {processor.py:183} INFO - Processing /opt/airflow/dags/pokemon_extraction.py took 0.140 seconds
[2025-05-04T00:12:16.070+0000] {processor.py:161} INFO - Started process (PID=678) to work on /opt/airflow/dags/pokemon_extraction.py
[2025-05-04T00:12:16.071+0000] {processor.py:830} INFO - Processing file /opt/airflow/dags/pokemon_extraction.py for tasks to queue
[2025-05-04T00:12:16.075+0000] {logging_mixin.py:188} INFO - [2025-05-04T00:12:16.074+0000] {dagbag.py:545} INFO - Filling up the DagBag from /opt/airflow/dags/pokemon_extraction.py
[2025-05-04T00:12:16.131+0000] {processor.py:840} INFO - DAG(s) 'pokemon_extract' retrieved from /opt/airflow/dags/pokemon_extraction.py
[2025-05-04T00:12:16.155+0000] {logging_mixin.py:188} INFO - [2025-05-04T00:12:16.155+0000] {dag.py:3096} INFO - Sync 1 DAGs
[2025-05-04T00:12:16.224+0000] {logging_mixin.py:188} INFO - [2025-05-04T00:12:16.224+0000] {dag.py:3954} INFO - Setting next_dagrun for pokemon_extract to 2025-05-03 10:00:00+00:00, run_after=2025-05-04 10:00:00+00:00
[2025-05-04T00:12:16.254+0000] {processor.py:183} INFO - Processing /opt/airflow/dags/pokemon_extraction.py took 0.195 seconds
[2025-05-04T00:12:46.673+0000] {processor.py:161} INFO - Started process (PID=683) to work on /opt/airflow/dags/pokemon_extraction.py
[2025-05-04T00:12:46.675+0000] {processor.py:830} INFO - Processing file /opt/airflow/dags/pokemon_extraction.py for tasks to queue
[2025-05-04T00:12:46.680+0000] {logging_mixin.py:188} INFO - [2025-05-04T00:12:46.679+0000] {dagbag.py:545} INFO - Filling up the DagBag from /opt/airflow/dags/pokemon_extraction.py
[2025-05-04T00:12:46.724+0000] {processor.py:840} INFO - DAG(s) 'pokemon_extract' retrieved from /opt/airflow/dags/pokemon_extraction.py
[2025-05-04T00:12:46.767+0000] {logging_mixin.py:188} INFO - [2025-05-04T00:12:46.766+0000] {dag.py:3096} INFO - Sync 1 DAGs
[2025-05-04T00:12:46.836+0000] {logging_mixin.py:188} INFO - [2025-05-04T00:12:46.835+0000] {dag.py:3954} INFO - Setting next_dagrun for pokemon_extract to 2025-05-03 10:00:00+00:00, run_after=2025-05-04 10:00:00+00:00
[2025-05-04T00:12:46.887+0000] {processor.py:183} INFO - Processing /opt/airflow/dags/pokemon_extraction.py took 0.230 seconds
[2025-05-04T00:13:16.996+0000] {processor.py:161} INFO - Started process (PID=688) to work on /opt/airflow/dags/pokemon_extraction.py
[2025-05-04T00:13:16.997+0000] {processor.py:830} INFO - Processing file /opt/airflow/dags/pokemon_extraction.py for tasks to queue
[2025-05-04T00:13:17.001+0000] {logging_mixin.py:188} INFO - [2025-05-04T00:13:17.000+0000] {dagbag.py:545} INFO - Filling up the DagBag from /opt/airflow/dags/pokemon_extraction.py
[2025-05-04T00:13:17.034+0000] {processor.py:840} INFO - DAG(s) 'pokemon_extract' retrieved from /opt/airflow/dags/pokemon_extraction.py
[2025-05-04T00:13:17.052+0000] {logging_mixin.py:188} INFO - [2025-05-04T00:13:17.052+0000] {dag.py:3096} INFO - Sync 1 DAGs
[2025-05-04T00:13:17.092+0000] {logging_mixin.py:188} INFO - [2025-05-04T00:13:17.092+0000] {dag.py:3954} INFO - Setting next_dagrun for pokemon_extract to 2025-05-03 10:00:00+00:00, run_after=2025-05-04 10:00:00+00:00
[2025-05-04T00:13:17.127+0000] {processor.py:183} INFO - Processing /opt/airflow/dags/pokemon_extraction.py took 0.139 seconds
[2025-05-04T00:13:47.859+0000] {processor.py:161} INFO - Started process (PID=693) to work on /opt/airflow/dags/pokemon_extraction.py
[2025-05-04T00:13:47.870+0000] {processor.py:830} INFO - Processing file /opt/airflow/dags/pokemon_extraction.py for tasks to queue
[2025-05-04T00:13:47.874+0000] {logging_mixin.py:188} INFO - [2025-05-04T00:13:47.873+0000] {dagbag.py:545} INFO - Filling up the DagBag from /opt/airflow/dags/pokemon_extraction.py
[2025-05-04T00:13:47.917+0000] {processor.py:840} INFO - DAG(s) 'pokemon_extract' retrieved from /opt/airflow/dags/pokemon_extraction.py
[2025-05-04T00:13:47.940+0000] {logging_mixin.py:188} INFO - [2025-05-04T00:13:47.940+0000] {dag.py:3096} INFO - Sync 1 DAGs
[2025-05-04T00:13:47.978+0000] {logging_mixin.py:188} INFO - [2025-05-04T00:13:47.978+0000] {dag.py:3954} INFO - Setting next_dagrun for pokemon_extract to 2025-05-03 10:00:00+00:00, run_after=2025-05-04 10:00:00+00:00
[2025-05-04T00:13:48.012+0000] {processor.py:183} INFO - Processing /opt/airflow/dags/pokemon_extraction.py took 0.171 seconds
[2025-05-04T00:14:18.810+0000] {processor.py:161} INFO - Started process (PID=698) to work on /opt/airflow/dags/pokemon_extraction.py
[2025-05-04T00:14:18.812+0000] {processor.py:830} INFO - Processing file /opt/airflow/dags/pokemon_extraction.py for tasks to queue
[2025-05-04T00:14:18.815+0000] {logging_mixin.py:188} INFO - [2025-05-04T00:14:18.814+0000] {dagbag.py:545} INFO - Filling up the DagBag from /opt/airflow/dags/pokemon_extraction.py
[2025-05-04T00:14:18.864+0000] {processor.py:840} INFO - DAG(s) 'pokemon_extract' retrieved from /opt/airflow/dags/pokemon_extraction.py
[2025-05-04T00:14:18.892+0000] {logging_mixin.py:188} INFO - [2025-05-04T00:14:18.891+0000] {dag.py:3096} INFO - Sync 1 DAGs
[2025-05-04T00:14:18.951+0000] {logging_mixin.py:188} INFO - [2025-05-04T00:14:18.950+0000] {dag.py:3954} INFO - Setting next_dagrun for pokemon_extract to 2025-05-03 10:00:00+00:00, run_after=2025-05-04 10:00:00+00:00
[2025-05-04T00:14:18.985+0000] {processor.py:183} INFO - Processing /opt/airflow/dags/pokemon_extraction.py took 0.186 seconds
[2025-05-04T00:14:49.690+0000] {processor.py:161} INFO - Started process (PID=703) to work on /opt/airflow/dags/pokemon_extraction.py
[2025-05-04T00:14:49.691+0000] {processor.py:830} INFO - Processing file /opt/airflow/dags/pokemon_extraction.py for tasks to queue
[2025-05-04T00:14:49.694+0000] {logging_mixin.py:188} INFO - [2025-05-04T00:14:49.693+0000] {dagbag.py:545} INFO - Filling up the DagBag from /opt/airflow/dags/pokemon_extraction.py
[2025-05-04T00:14:49.727+0000] {processor.py:840} INFO - DAG(s) 'pokemon_extract' retrieved from /opt/airflow/dags/pokemon_extraction.py
[2025-05-04T00:14:49.746+0000] {logging_mixin.py:188} INFO - [2025-05-04T00:14:49.745+0000] {dag.py:3096} INFO - Sync 1 DAGs
[2025-05-04T00:14:49.799+0000] {logging_mixin.py:188} INFO - [2025-05-04T00:14:49.798+0000] {dag.py:3954} INFO - Setting next_dagrun for pokemon_extract to 2025-05-03 10:00:00+00:00, run_after=2025-05-04 10:00:00+00:00
[2025-05-04T00:14:49.887+0000] {processor.py:183} INFO - Processing /opt/airflow/dags/pokemon_extraction.py took 0.207 seconds
[2025-05-04T00:15:20.678+0000] {processor.py:161} INFO - Started process (PID=708) to work on /opt/airflow/dags/pokemon_extraction.py
[2025-05-04T00:15:20.680+0000] {processor.py:830} INFO - Processing file /opt/airflow/dags/pokemon_extraction.py for tasks to queue
[2025-05-04T00:15:20.683+0000] {logging_mixin.py:188} INFO - [2025-05-04T00:15:20.682+0000] {dagbag.py:545} INFO - Filling up the DagBag from /opt/airflow/dags/pokemon_extraction.py
[2025-05-04T00:15:20.718+0000] {processor.py:840} INFO - DAG(s) 'pokemon_extract' retrieved from /opt/airflow/dags/pokemon_extraction.py
[2025-05-04T00:15:20.737+0000] {logging_mixin.py:188} INFO - [2025-05-04T00:15:20.736+0000] {dag.py:3096} INFO - Sync 1 DAGs
[2025-05-04T00:15:20.775+0000] {logging_mixin.py:188} INFO - [2025-05-04T00:15:20.775+0000] {dag.py:3954} INFO - Setting next_dagrun for pokemon_extract to 2025-05-03 10:00:00+00:00, run_after=2025-05-04 10:00:00+00:00
[2025-05-04T00:15:20.802+0000] {processor.py:183} INFO - Processing /opt/airflow/dags/pokemon_extraction.py took 0.133 seconds
[2025-05-04T00:15:51.063+0000] {processor.py:161} INFO - Started process (PID=713) to work on /opt/airflow/dags/pokemon_extraction.py
[2025-05-04T00:15:51.064+0000] {processor.py:830} INFO - Processing file /opt/airflow/dags/pokemon_extraction.py for tasks to queue
[2025-05-04T00:15:51.069+0000] {logging_mixin.py:188} INFO - [2025-05-04T00:15:51.068+0000] {dagbag.py:545} INFO - Filling up the DagBag from /opt/airflow/dags/pokemon_extraction.py
[2025-05-04T00:15:51.102+0000] {processor.py:840} INFO - DAG(s) 'pokemon_extract' retrieved from /opt/airflow/dags/pokemon_extraction.py
[2025-05-04T00:15:51.121+0000] {logging_mixin.py:188} INFO - [2025-05-04T00:15:51.120+0000] {dag.py:3096} INFO - Sync 1 DAGs
[2025-05-04T00:15:51.158+0000] {logging_mixin.py:188} INFO - [2025-05-04T00:15:51.157+0000] {dag.py:3954} INFO - Setting next_dagrun for pokemon_extract to 2025-05-03 10:00:00+00:00, run_after=2025-05-04 10:00:00+00:00
[2025-05-04T00:15:51.190+0000] {processor.py:183} INFO - Processing /opt/airflow/dags/pokemon_extraction.py took 0.136 seconds
[2025-05-04T00:16:21.897+0000] {processor.py:161} INFO - Started process (PID=718) to work on /opt/airflow/dags/pokemon_extraction.py
[2025-05-04T00:16:21.899+0000] {processor.py:830} INFO - Processing file /opt/airflow/dags/pokemon_extraction.py for tasks to queue
[2025-05-04T00:16:21.901+0000] {logging_mixin.py:188} INFO - [2025-05-04T00:16:21.901+0000] {dagbag.py:545} INFO - Filling up the DagBag from /opt/airflow/dags/pokemon_extraction.py
[2025-05-04T00:16:21.981+0000] {processor.py:840} INFO - DAG(s) 'pokemon_extract' retrieved from /opt/airflow/dags/pokemon_extraction.py
[2025-05-04T00:16:22.011+0000] {logging_mixin.py:188} INFO - [2025-05-04T00:16:22.011+0000] {dag.py:3096} INFO - Sync 1 DAGs
[2025-05-04T00:16:22.091+0000] {logging_mixin.py:188} INFO - [2025-05-04T00:16:22.091+0000] {dag.py:3954} INFO - Setting next_dagrun for pokemon_extract to 2025-05-03 10:00:00+00:00, run_after=2025-05-04 10:00:00+00:00
[2025-05-04T00:16:22.164+0000] {processor.py:183} INFO - Processing /opt/airflow/dags/pokemon_extraction.py took 0.281 seconds
[2025-05-04T00:16:52.424+0000] {processor.py:161} INFO - Started process (PID=723) to work on /opt/airflow/dags/pokemon_extraction.py
[2025-05-04T00:16:52.426+0000] {processor.py:830} INFO - Processing file /opt/airflow/dags/pokemon_extraction.py for tasks to queue
[2025-05-04T00:16:52.432+0000] {logging_mixin.py:188} INFO - [2025-05-04T00:16:52.431+0000] {dagbag.py:545} INFO - Filling up the DagBag from /opt/airflow/dags/pokemon_extraction.py
[2025-05-04T00:16:52.477+0000] {processor.py:840} INFO - DAG(s) 'pokemon_extract' retrieved from /opt/airflow/dags/pokemon_extraction.py
[2025-05-04T00:16:52.505+0000] {logging_mixin.py:188} INFO - [2025-05-04T00:16:52.505+0000] {dag.py:3096} INFO - Sync 1 DAGs
[2025-05-04T00:16:52.596+0000] {logging_mixin.py:188} INFO - [2025-05-04T00:16:52.595+0000] {dag.py:3954} INFO - Setting next_dagrun for pokemon_extract to 2025-05-03 10:00:00+00:00, run_after=2025-05-04 10:00:00+00:00
[2025-05-04T00:16:52.698+0000] {processor.py:183} INFO - Processing /opt/airflow/dags/pokemon_extraction.py took 0.294 seconds
[2025-05-04T00:17:22.870+0000] {processor.py:161} INFO - Started process (PID=728) to work on /opt/airflow/dags/pokemon_extraction.py
[2025-05-04T00:17:22.872+0000] {processor.py:830} INFO - Processing file /opt/airflow/dags/pokemon_extraction.py for tasks to queue
[2025-05-04T00:17:22.879+0000] {logging_mixin.py:188} INFO - [2025-05-04T00:17:22.878+0000] {dagbag.py:545} INFO - Filling up the DagBag from /opt/airflow/dags/pokemon_extraction.py
[2025-05-04T00:17:22.927+0000] {processor.py:840} INFO - DAG(s) 'pokemon_extract' retrieved from /opt/airflow/dags/pokemon_extraction.py
[2025-05-04T00:17:22.955+0000] {logging_mixin.py:188} INFO - [2025-05-04T00:17:22.954+0000] {dag.py:3096} INFO - Sync 1 DAGs
[2025-05-04T00:17:23.011+0000] {logging_mixin.py:188} INFO - [2025-05-04T00:17:23.010+0000] {dag.py:3954} INFO - Setting next_dagrun for pokemon_extract to 2025-05-03 10:00:00+00:00, run_after=2025-05-04 10:00:00+00:00
[2025-05-04T00:17:23.054+0000] {processor.py:183} INFO - Processing /opt/airflow/dags/pokemon_extraction.py took 0.194 seconds
[2025-05-04T00:17:54.667+0000] {processor.py:161} INFO - Started process (PID=733) to work on /opt/airflow/dags/pokemon_extraction.py
[2025-05-04T00:17:54.671+0000] {processor.py:830} INFO - Processing file /opt/airflow/dags/pokemon_extraction.py for tasks to queue
[2025-05-04T00:17:54.676+0000] {logging_mixin.py:188} INFO - [2025-05-04T00:17:54.675+0000] {dagbag.py:545} INFO - Filling up the DagBag from /opt/airflow/dags/pokemon_extraction.py
[2025-05-04T00:17:54.773+0000] {processor.py:840} INFO - DAG(s) 'pokemon_extract' retrieved from /opt/airflow/dags/pokemon_extraction.py
[2025-05-04T00:17:54.842+0000] {logging_mixin.py:188} INFO - [2025-05-04T00:17:54.841+0000] {dag.py:3096} INFO - Sync 1 DAGs
[2025-05-04T00:17:54.956+0000] {logging_mixin.py:188} INFO - [2025-05-04T00:17:54.955+0000] {dag.py:3954} INFO - Setting next_dagrun for pokemon_extract to 2025-05-03 10:00:00+00:00, run_after=2025-05-04 10:00:00+00:00
[2025-05-04T00:17:55.074+0000] {processor.py:183} INFO - Processing /opt/airflow/dags/pokemon_extraction.py took 0.429 seconds
[2025-05-04T00:18:35.598+0000] {processor.py:161} INFO - Started process (PID=738) to work on /opt/airflow/dags/pokemon_extraction.py
[2025-05-04T00:18:35.743+0000] {processor.py:830} INFO - Processing file /opt/airflow/dags/pokemon_extraction.py for tasks to queue
[2025-05-04T00:18:35.775+0000] {logging_mixin.py:188} INFO - [2025-05-04T00:18:35.774+0000] {dagbag.py:545} INFO - Filling up the DagBag from /opt/airflow/dags/pokemon_extraction.py
[2025-05-04T00:18:42.212+0000] {processor.py:840} INFO - DAG(s) 'pokemon_extract' retrieved from /opt/airflow/dags/pokemon_extraction.py
[2025-05-04T00:18:48.727+0000] {logging_mixin.py:188} INFO - [2025-05-04T00:18:48.717+0000] {dag.py:3096} INFO - Sync 1 DAGs
[2025-05-04T00:18:48.855+0000] {logging_mixin.py:188} INFO - [2025-05-04T00:18:48.855+0000] {dag.py:3954} INFO - Setting next_dagrun for pokemon_extract to 2025-05-03 10:00:00+00:00, run_after=2025-05-04 10:00:00+00:00
[2025-05-04T00:18:48.933+0000] {processor.py:183} INFO - Processing /opt/airflow/dags/pokemon_extraction.py took 13.357 seconds
[2025-05-04T00:19:19.966+0000] {processor.py:161} INFO - Started process (PID=743) to work on /opt/airflow/dags/pokemon_extraction.py
[2025-05-04T00:19:19.968+0000] {processor.py:830} INFO - Processing file /opt/airflow/dags/pokemon_extraction.py for tasks to queue
[2025-05-04T00:19:19.971+0000] {logging_mixin.py:188} INFO - [2025-05-04T00:19:19.970+0000] {dagbag.py:545} INFO - Filling up the DagBag from /opt/airflow/dags/pokemon_extraction.py
[2025-05-04T00:19:20.011+0000] {processor.py:840} INFO - DAG(s) 'pokemon_extract' retrieved from /opt/airflow/dags/pokemon_extraction.py
[2025-05-04T00:19:20.033+0000] {logging_mixin.py:188} INFO - [2025-05-04T00:19:20.033+0000] {dag.py:3096} INFO - Sync 1 DAGs
[2025-05-04T00:19:20.081+0000] {logging_mixin.py:188} INFO - [2025-05-04T00:19:20.081+0000] {dag.py:3954} INFO - Setting next_dagrun for pokemon_extract to 2025-05-03 10:00:00+00:00, run_after=2025-05-04 10:00:00+00:00
[2025-05-04T00:19:20.122+0000] {processor.py:183} INFO - Processing /opt/airflow/dags/pokemon_extraction.py took 0.168 seconds
[2025-05-04T00:19:51.046+0000] {processor.py:161} INFO - Started process (PID=748) to work on /opt/airflow/dags/pokemon_extraction.py
[2025-05-04T00:19:51.061+0000] {processor.py:830} INFO - Processing file /opt/airflow/dags/pokemon_extraction.py for tasks to queue
[2025-05-04T00:19:51.077+0000] {logging_mixin.py:188} INFO - [2025-05-04T00:19:51.077+0000] {dagbag.py:545} INFO - Filling up the DagBag from /opt/airflow/dags/pokemon_extraction.py
[2025-05-04T00:19:51.322+0000] {processor.py:840} INFO - DAG(s) 'pokemon_extract' retrieved from /opt/airflow/dags/pokemon_extraction.py
[2025-05-04T00:19:51.355+0000] {logging_mixin.py:188} INFO - [2025-05-04T00:19:51.355+0000] {dag.py:3096} INFO - Sync 1 DAGs
[2025-05-04T00:19:51.447+0000] {logging_mixin.py:188} INFO - [2025-05-04T00:19:51.446+0000] {dag.py:3954} INFO - Setting next_dagrun for pokemon_extract to 2025-05-03 10:00:00+00:00, run_after=2025-05-04 10:00:00+00:00
[2025-05-04T00:19:51.501+0000] {processor.py:183} INFO - Processing /opt/airflow/dags/pokemon_extraction.py took 0.487 seconds
[2025-05-04T00:20:22.350+0000] {processor.py:161} INFO - Started process (PID=753) to work on /opt/airflow/dags/pokemon_extraction.py
[2025-05-04T00:20:22.351+0000] {processor.py:830} INFO - Processing file /opt/airflow/dags/pokemon_extraction.py for tasks to queue
[2025-05-04T00:20:22.355+0000] {logging_mixin.py:188} INFO - [2025-05-04T00:20:22.354+0000] {dagbag.py:545} INFO - Filling up the DagBag from /opt/airflow/dags/pokemon_extraction.py
[2025-05-04T00:20:22.392+0000] {processor.py:840} INFO - DAG(s) 'pokemon_extract' retrieved from /opt/airflow/dags/pokemon_extraction.py
[2025-05-04T00:20:22.409+0000] {logging_mixin.py:188} INFO - [2025-05-04T00:20:22.408+0000] {dag.py:3096} INFO - Sync 1 DAGs
[2025-05-04T00:20:22.448+0000] {logging_mixin.py:188} INFO - [2025-05-04T00:20:22.448+0000] {dag.py:3954} INFO - Setting next_dagrun for pokemon_extract to 2025-05-03 10:00:00+00:00, run_after=2025-05-04 10:00:00+00:00
[2025-05-04T00:20:22.480+0000] {processor.py:183} INFO - Processing /opt/airflow/dags/pokemon_extraction.py took 0.142 seconds
[2025-05-04T00:20:53.271+0000] {processor.py:161} INFO - Started process (PID=758) to work on /opt/airflow/dags/pokemon_extraction.py
[2025-05-04T00:20:53.272+0000] {processor.py:830} INFO - Processing file /opt/airflow/dags/pokemon_extraction.py for tasks to queue
[2025-05-04T00:20:53.276+0000] {logging_mixin.py:188} INFO - [2025-05-04T00:20:53.276+0000] {dagbag.py:545} INFO - Filling up the DagBag from /opt/airflow/dags/pokemon_extraction.py
[2025-05-04T00:20:53.315+0000] {processor.py:840} INFO - DAG(s) 'pokemon_extract' retrieved from /opt/airflow/dags/pokemon_extraction.py
[2025-05-04T00:20:53.332+0000] {logging_mixin.py:188} INFO - [2025-05-04T00:20:53.332+0000] {dag.py:3096} INFO - Sync 1 DAGs
[2025-05-04T00:20:53.386+0000] {logging_mixin.py:188} INFO - [2025-05-04T00:20:53.386+0000] {dag.py:3954} INFO - Setting next_dagrun for pokemon_extract to 2025-05-03 10:00:00+00:00, run_after=2025-05-04 10:00:00+00:00
[2025-05-04T00:20:53.422+0000] {processor.py:183} INFO - Processing /opt/airflow/dags/pokemon_extraction.py took 0.163 seconds
[2025-05-04T00:21:24.352+0000] {processor.py:161} INFO - Started process (PID=763) to work on /opt/airflow/dags/pokemon_extraction.py
[2025-05-04T00:21:24.354+0000] {processor.py:830} INFO - Processing file /opt/airflow/dags/pokemon_extraction.py for tasks to queue
[2025-05-04T00:21:24.357+0000] {logging_mixin.py:188} INFO - [2025-05-04T00:21:24.357+0000] {dagbag.py:545} INFO - Filling up the DagBag from /opt/airflow/dags/pokemon_extraction.py
[2025-05-04T00:21:24.391+0000] {processor.py:840} INFO - DAG(s) 'pokemon_extract' retrieved from /opt/airflow/dags/pokemon_extraction.py
[2025-05-04T00:21:24.407+0000] {logging_mixin.py:188} INFO - [2025-05-04T00:21:24.406+0000] {dag.py:3096} INFO - Sync 1 DAGs
[2025-05-04T00:21:24.446+0000] {logging_mixin.py:188} INFO - [2025-05-04T00:21:24.445+0000] {dag.py:3954} INFO - Setting next_dagrun for pokemon_extract to 2025-05-03 10:00:00+00:00, run_after=2025-05-04 10:00:00+00:00
[2025-05-04T00:21:24.482+0000] {processor.py:183} INFO - Processing /opt/airflow/dags/pokemon_extraction.py took 0.143 seconds
[2025-05-04T00:21:55.485+0000] {processor.py:161} INFO - Started process (PID=768) to work on /opt/airflow/dags/pokemon_extraction.py
[2025-05-04T00:21:55.512+0000] {processor.py:830} INFO - Processing file /opt/airflow/dags/pokemon_extraction.py for tasks to queue
[2025-05-04T00:21:55.600+0000] {logging_mixin.py:188} INFO - [2025-05-04T00:21:55.589+0000] {dagbag.py:545} INFO - Filling up the DagBag from /opt/airflow/dags/pokemon_extraction.py
[2025-05-04T00:21:56.155+0000] {processor.py:840} INFO - DAG(s) 'pokemon_extract' retrieved from /opt/airflow/dags/pokemon_extraction.py
[2025-05-04T00:21:56.386+0000] {logging_mixin.py:188} INFO - [2025-05-04T00:21:56.385+0000] {dag.py:3096} INFO - Sync 1 DAGs
[2025-05-04T00:21:56.706+0000] {logging_mixin.py:188} INFO - [2025-05-04T00:21:56.704+0000] {dag.py:3954} INFO - Setting next_dagrun for pokemon_extract to 2025-05-03 10:00:00+00:00, run_after=2025-05-04 10:00:00+00:00
[2025-05-04T00:21:56.844+0000] {processor.py:183} INFO - Processing /opt/airflow/dags/pokemon_extraction.py took 1.462 seconds
[2025-05-04T00:22:27.177+0000] {processor.py:161} INFO - Started process (PID=773) to work on /opt/airflow/dags/pokemon_extraction.py
[2025-05-04T00:22:27.178+0000] {processor.py:830} INFO - Processing file /opt/airflow/dags/pokemon_extraction.py for tasks to queue
[2025-05-04T00:22:27.182+0000] {logging_mixin.py:188} INFO - [2025-05-04T00:22:27.181+0000] {dagbag.py:545} INFO - Filling up the DagBag from /opt/airflow/dags/pokemon_extraction.py
[2025-05-04T00:22:27.221+0000] {processor.py:840} INFO - DAG(s) 'pokemon_extract' retrieved from /opt/airflow/dags/pokemon_extraction.py
[2025-05-04T00:22:27.259+0000] {logging_mixin.py:188} INFO - [2025-05-04T00:22:27.258+0000] {dag.py:3096} INFO - Sync 1 DAGs
[2025-05-04T00:22:27.393+0000] {logging_mixin.py:188} INFO - [2025-05-04T00:22:27.391+0000] {dag.py:3954} INFO - Setting next_dagrun for pokemon_extract to 2025-05-03 10:00:00+00:00, run_after=2025-05-04 10:00:00+00:00
[2025-05-04T00:22:27.472+0000] {processor.py:183} INFO - Processing /opt/airflow/dags/pokemon_extraction.py took 0.308 seconds
[2025-05-04T00:22:58.204+0000] {processor.py:161} INFO - Started process (PID=778) to work on /opt/airflow/dags/pokemon_extraction.py
[2025-05-04T00:22:58.206+0000] {processor.py:830} INFO - Processing file /opt/airflow/dags/pokemon_extraction.py for tasks to queue
[2025-05-04T00:22:58.209+0000] {logging_mixin.py:188} INFO - [2025-05-04T00:22:58.208+0000] {dagbag.py:545} INFO - Filling up the DagBag from /opt/airflow/dags/pokemon_extraction.py
[2025-05-04T00:22:58.267+0000] {processor.py:840} INFO - DAG(s) 'pokemon_extract' retrieved from /opt/airflow/dags/pokemon_extraction.py
[2025-05-04T00:22:58.291+0000] {logging_mixin.py:188} INFO - [2025-05-04T00:22:58.290+0000] {dag.py:3096} INFO - Sync 1 DAGs
[2025-05-04T00:22:58.349+0000] {logging_mixin.py:188} INFO - [2025-05-04T00:22:58.348+0000] {dag.py:3954} INFO - Setting next_dagrun for pokemon_extract to 2025-05-03 10:00:00+00:00, run_after=2025-05-04 10:00:00+00:00
[2025-05-04T00:22:58.395+0000] {processor.py:183} INFO - Processing /opt/airflow/dags/pokemon_extraction.py took 0.214 seconds
[2025-05-04T00:23:29.954+0000] {processor.py:161} INFO - Started process (PID=783) to work on /opt/airflow/dags/pokemon_extraction.py
[2025-05-04T00:23:29.956+0000] {processor.py:830} INFO - Processing file /opt/airflow/dags/pokemon_extraction.py for tasks to queue
[2025-05-04T00:23:29.968+0000] {logging_mixin.py:188} INFO - [2025-05-04T00:23:29.968+0000] {dagbag.py:545} INFO - Filling up the DagBag from /opt/airflow/dags/pokemon_extraction.py
[2025-05-04T00:23:30.166+0000] {processor.py:840} INFO - DAG(s) 'pokemon_extract' retrieved from /opt/airflow/dags/pokemon_extraction.py
[2025-05-04T00:23:30.281+0000] {logging_mixin.py:188} INFO - [2025-05-04T00:23:30.280+0000] {dag.py:3096} INFO - Sync 1 DAGs
[2025-05-04T00:23:30.574+0000] {logging_mixin.py:188} INFO - [2025-05-04T00:23:30.573+0000] {dag.py:3954} INFO - Setting next_dagrun for pokemon_extract to 2025-05-03 10:00:00+00:00, run_after=2025-05-04 10:00:00+00:00
[2025-05-04T00:23:30.797+0000] {processor.py:183} INFO - Processing /opt/airflow/dags/pokemon_extraction.py took 0.864 seconds
[2025-05-04T00:24:01.219+0000] {processor.py:161} INFO - Started process (PID=788) to work on /opt/airflow/dags/pokemon_extraction.py
[2025-05-04T00:24:01.223+0000] {processor.py:830} INFO - Processing file /opt/airflow/dags/pokemon_extraction.py for tasks to queue
[2025-05-04T00:24:01.234+0000] {logging_mixin.py:188} INFO - [2025-05-04T00:24:01.233+0000] {dagbag.py:545} INFO - Filling up the DagBag from /opt/airflow/dags/pokemon_extraction.py
[2025-05-04T00:24:01.304+0000] {processor.py:840} INFO - DAG(s) 'pokemon_extract' retrieved from /opt/airflow/dags/pokemon_extraction.py
[2025-05-04T00:24:01.329+0000] {logging_mixin.py:188} INFO - [2025-05-04T00:24:01.328+0000] {dag.py:3096} INFO - Sync 1 DAGs
[2025-05-04T00:24:01.382+0000] {logging_mixin.py:188} INFO - [2025-05-04T00:24:01.381+0000] {dag.py:3954} INFO - Setting next_dagrun for pokemon_extract to 2025-05-03 10:00:00+00:00, run_after=2025-05-04 10:00:00+00:00
[2025-05-04T00:24:01.416+0000] {processor.py:183} INFO - Processing /opt/airflow/dags/pokemon_extraction.py took 0.210 seconds
[2025-05-04T00:24:31.943+0000] {processor.py:161} INFO - Started process (PID=793) to work on /opt/airflow/dags/pokemon_extraction.py
[2025-05-04T00:24:31.945+0000] {processor.py:830} INFO - Processing file /opt/airflow/dags/pokemon_extraction.py for tasks to queue
[2025-05-04T00:24:31.949+0000] {logging_mixin.py:188} INFO - [2025-05-04T00:24:31.948+0000] {dagbag.py:545} INFO - Filling up the DagBag from /opt/airflow/dags/pokemon_extraction.py
[2025-05-04T00:24:31.989+0000] {processor.py:840} INFO - DAG(s) 'pokemon_extract' retrieved from /opt/airflow/dags/pokemon_extraction.py
[2025-05-04T00:24:32.006+0000] {logging_mixin.py:188} INFO - [2025-05-04T00:24:32.005+0000] {dag.py:3096} INFO - Sync 1 DAGs
[2025-05-04T00:24:32.041+0000] {logging_mixin.py:188} INFO - [2025-05-04T00:24:32.041+0000] {dag.py:3954} INFO - Setting next_dagrun for pokemon_extract to 2025-05-03 10:00:00+00:00, run_after=2025-05-04 10:00:00+00:00
[2025-05-04T00:24:32.073+0000] {processor.py:183} INFO - Processing /opt/airflow/dags/pokemon_extraction.py took 0.142 seconds
[2025-05-04T00:25:02.827+0000] {processor.py:161} INFO - Started process (PID=798) to work on /opt/airflow/dags/pokemon_extraction.py
[2025-05-04T00:25:02.829+0000] {processor.py:830} INFO - Processing file /opt/airflow/dags/pokemon_extraction.py for tasks to queue
[2025-05-04T00:25:02.832+0000] {logging_mixin.py:188} INFO - [2025-05-04T00:25:02.832+0000] {dagbag.py:545} INFO - Filling up the DagBag from /opt/airflow/dags/pokemon_extraction.py
[2025-05-04T00:25:02.868+0000] {processor.py:840} INFO - DAG(s) 'pokemon_extract' retrieved from /opt/airflow/dags/pokemon_extraction.py
[2025-05-04T00:25:02.887+0000] {logging_mixin.py:188} INFO - [2025-05-04T00:25:02.887+0000] {dag.py:3096} INFO - Sync 1 DAGs
[2025-05-04T00:25:02.935+0000] {logging_mixin.py:188} INFO - [2025-05-04T00:25:02.935+0000] {dag.py:3954} INFO - Setting next_dagrun for pokemon_extract to 2025-05-03 10:00:00+00:00, run_after=2025-05-04 10:00:00+00:00
[2025-05-04T00:25:02.985+0000] {processor.py:183} INFO - Processing /opt/airflow/dags/pokemon_extraction.py took 0.170 seconds
[2025-05-04T00:25:33.692+0000] {processor.py:161} INFO - Started process (PID=803) to work on /opt/airflow/dags/pokemon_extraction.py
[2025-05-04T00:25:33.698+0000] {processor.py:830} INFO - Processing file /opt/airflow/dags/pokemon_extraction.py for tasks to queue
[2025-05-04T00:25:33.704+0000] {logging_mixin.py:188} INFO - [2025-05-04T00:25:33.704+0000] {dagbag.py:545} INFO - Filling up the DagBag from /opt/airflow/dags/pokemon_extraction.py
[2025-05-04T00:25:33.777+0000] {processor.py:840} INFO - DAG(s) 'pokemon_extract' retrieved from /opt/airflow/dags/pokemon_extraction.py
[2025-05-04T00:25:33.810+0000] {logging_mixin.py:188} INFO - [2025-05-04T00:25:33.809+0000] {dag.py:3096} INFO - Sync 1 DAGs
[2025-05-04T00:25:33.869+0000] {logging_mixin.py:188} INFO - [2025-05-04T00:25:33.869+0000] {dag.py:3954} INFO - Setting next_dagrun for pokemon_extract to 2025-05-03 10:00:00+00:00, run_after=2025-05-04 10:00:00+00:00
[2025-05-04T00:25:33.927+0000] {processor.py:183} INFO - Processing /opt/airflow/dags/pokemon_extraction.py took 0.255 seconds
[2025-05-04T00:26:04.805+0000] {processor.py:161} INFO - Started process (PID=808) to work on /opt/airflow/dags/pokemon_extraction.py
[2025-05-04T00:26:04.807+0000] {processor.py:830} INFO - Processing file /opt/airflow/dags/pokemon_extraction.py for tasks to queue
[2025-05-04T00:26:04.810+0000] {logging_mixin.py:188} INFO - [2025-05-04T00:26:04.810+0000] {dagbag.py:545} INFO - Filling up the DagBag from /opt/airflow/dags/pokemon_extraction.py
[2025-05-04T00:26:04.852+0000] {processor.py:840} INFO - DAG(s) 'pokemon_extract' retrieved from /opt/airflow/dags/pokemon_extraction.py
[2025-05-04T00:26:04.875+0000] {logging_mixin.py:188} INFO - [2025-05-04T00:26:04.875+0000] {dag.py:3096} INFO - Sync 1 DAGs
[2025-05-04T00:26:04.950+0000] {logging_mixin.py:188} INFO - [2025-05-04T00:26:04.948+0000] {dag.py:3954} INFO - Setting next_dagrun for pokemon_extract to 2025-05-03 10:00:00+00:00, run_after=2025-05-04 10:00:00+00:00
[2025-05-04T00:26:05.080+0000] {processor.py:183} INFO - Processing /opt/airflow/dags/pokemon_extraction.py took 0.284 seconds
[2025-05-04T00:26:35.751+0000] {processor.py:161} INFO - Started process (PID=813) to work on /opt/airflow/dags/pokemon_extraction.py
[2025-05-04T00:26:35.755+0000] {processor.py:830} INFO - Processing file /opt/airflow/dags/pokemon_extraction.py for tasks to queue
[2025-05-04T00:26:35.760+0000] {logging_mixin.py:188} INFO - [2025-05-04T00:26:35.759+0000] {dagbag.py:545} INFO - Filling up the DagBag from /opt/airflow/dags/pokemon_extraction.py
[2025-05-04T00:26:35.828+0000] {processor.py:840} INFO - DAG(s) 'pokemon_extract' retrieved from /opt/airflow/dags/pokemon_extraction.py
[2025-05-04T00:26:35.852+0000] {logging_mixin.py:188} INFO - [2025-05-04T00:26:35.852+0000] {dag.py:3096} INFO - Sync 1 DAGs
[2025-05-04T00:26:35.941+0000] {logging_mixin.py:188} INFO - [2025-05-04T00:26:35.940+0000] {dag.py:3954} INFO - Setting next_dagrun for pokemon_extract to 2025-05-03 10:00:00+00:00, run_after=2025-05-04 10:00:00+00:00
[2025-05-04T00:26:36.001+0000] {processor.py:183} INFO - Processing /opt/airflow/dags/pokemon_extraction.py took 0.261 seconds
[2025-05-04T00:27:06.827+0000] {processor.py:161} INFO - Started process (PID=818) to work on /opt/airflow/dags/pokemon_extraction.py
[2025-05-04T00:27:06.830+0000] {processor.py:830} INFO - Processing file /opt/airflow/dags/pokemon_extraction.py for tasks to queue
[2025-05-04T00:27:06.834+0000] {logging_mixin.py:188} INFO - [2025-05-04T00:27:06.833+0000] {dagbag.py:545} INFO - Filling up the DagBag from /opt/airflow/dags/pokemon_extraction.py
[2025-05-04T00:27:06.987+0000] {processor.py:840} INFO - DAG(s) 'pokemon_extract' retrieved from /opt/airflow/dags/pokemon_extraction.py
[2025-05-04T00:27:07.015+0000] {logging_mixin.py:188} INFO - [2025-05-04T00:27:07.015+0000] {dag.py:3096} INFO - Sync 1 DAGs
[2025-05-04T00:27:07.087+0000] {logging_mixin.py:188} INFO - [2025-05-04T00:27:07.087+0000] {dag.py:3954} INFO - Setting next_dagrun for pokemon_extract to 2025-05-03 10:00:00+00:00, run_after=2025-05-04 10:00:00+00:00
[2025-05-04T00:27:07.150+0000] {processor.py:183} INFO - Processing /opt/airflow/dags/pokemon_extraction.py took 0.334 seconds
[2025-05-04T00:27:37.823+0000] {processor.py:161} INFO - Started process (PID=823) to work on /opt/airflow/dags/pokemon_extraction.py
[2025-05-04T00:27:37.824+0000] {processor.py:830} INFO - Processing file /opt/airflow/dags/pokemon_extraction.py for tasks to queue
[2025-05-04T00:27:37.827+0000] {logging_mixin.py:188} INFO - [2025-05-04T00:27:37.827+0000] {dagbag.py:545} INFO - Filling up the DagBag from /opt/airflow/dags/pokemon_extraction.py
[2025-05-04T00:27:37.859+0000] {processor.py:840} INFO - DAG(s) 'pokemon_extract' retrieved from /opt/airflow/dags/pokemon_extraction.py
[2025-05-04T00:27:37.877+0000] {logging_mixin.py:188} INFO - [2025-05-04T00:27:37.877+0000] {dag.py:3096} INFO - Sync 1 DAGs
[2025-05-04T00:27:37.917+0000] {logging_mixin.py:188} INFO - [2025-05-04T00:27:37.917+0000] {dag.py:3954} INFO - Setting next_dagrun for pokemon_extract to 2025-05-03 10:00:00+00:00, run_after=2025-05-04 10:00:00+00:00
[2025-05-04T00:27:37.952+0000] {processor.py:183} INFO - Processing /opt/airflow/dags/pokemon_extraction.py took 0.138 seconds
[2025-05-04T00:28:08.886+0000] {processor.py:161} INFO - Started process (PID=828) to work on /opt/airflow/dags/pokemon_extraction.py
[2025-05-04T00:28:08.888+0000] {processor.py:830} INFO - Processing file /opt/airflow/dags/pokemon_extraction.py for tasks to queue
[2025-05-04T00:28:08.893+0000] {logging_mixin.py:188} INFO - [2025-05-04T00:28:08.892+0000] {dagbag.py:545} INFO - Filling up the DagBag from /opt/airflow/dags/pokemon_extraction.py
[2025-05-04T00:28:08.961+0000] {processor.py:840} INFO - DAG(s) 'pokemon_extract' retrieved from /opt/airflow/dags/pokemon_extraction.py
[2025-05-04T00:28:08.994+0000] {logging_mixin.py:188} INFO - [2025-05-04T00:28:08.993+0000] {dag.py:3096} INFO - Sync 1 DAGs
[2025-05-04T00:28:09.142+0000] {logging_mixin.py:188} INFO - [2025-05-04T00:28:09.141+0000] {dag.py:3954} INFO - Setting next_dagrun for pokemon_extract to 2025-05-03 10:00:00+00:00, run_after=2025-05-04 10:00:00+00:00
[2025-05-04T00:28:09.198+0000] {processor.py:183} INFO - Processing /opt/airflow/dags/pokemon_extraction.py took 0.325 seconds
[2025-05-04T00:28:39.811+0000] {processor.py:161} INFO - Started process (PID=833) to work on /opt/airflow/dags/pokemon_extraction.py
[2025-05-04T00:28:39.813+0000] {processor.py:830} INFO - Processing file /opt/airflow/dags/pokemon_extraction.py for tasks to queue
[2025-05-04T00:28:39.818+0000] {logging_mixin.py:188} INFO - [2025-05-04T00:28:39.817+0000] {dagbag.py:545} INFO - Filling up the DagBag from /opt/airflow/dags/pokemon_extraction.py
[2025-05-04T00:28:39.861+0000] {processor.py:840} INFO - DAG(s) 'pokemon_extract' retrieved from /opt/airflow/dags/pokemon_extraction.py
[2025-05-04T00:28:39.880+0000] {logging_mixin.py:188} INFO - [2025-05-04T00:28:39.880+0000] {dag.py:3096} INFO - Sync 1 DAGs
[2025-05-04T00:28:39.925+0000] {logging_mixin.py:188} INFO - [2025-05-04T00:28:39.925+0000] {dag.py:3954} INFO - Setting next_dagrun for pokemon_extract to 2025-05-03 10:00:00+00:00, run_after=2025-05-04 10:00:00+00:00
[2025-05-04T00:28:39.958+0000] {processor.py:183} INFO - Processing /opt/airflow/dags/pokemon_extraction.py took 0.156 seconds
[2025-05-04T00:29:10.958+0000] {processor.py:161} INFO - Started process (PID=838) to work on /opt/airflow/dags/pokemon_extraction.py
[2025-05-04T00:29:10.959+0000] {processor.py:830} INFO - Processing file /opt/airflow/dags/pokemon_extraction.py for tasks to queue
[2025-05-04T00:29:10.962+0000] {logging_mixin.py:188} INFO - [2025-05-04T00:29:10.961+0000] {dagbag.py:545} INFO - Filling up the DagBag from /opt/airflow/dags/pokemon_extraction.py
[2025-05-04T00:29:11.005+0000] {processor.py:840} INFO - DAG(s) 'pokemon_extract' retrieved from /opt/airflow/dags/pokemon_extraction.py
[2025-05-04T00:29:11.024+0000] {logging_mixin.py:188} INFO - [2025-05-04T00:29:11.024+0000] {dag.py:3096} INFO - Sync 1 DAGs
[2025-05-04T00:29:11.067+0000] {logging_mixin.py:188} INFO - [2025-05-04T00:29:11.067+0000] {dag.py:3954} INFO - Setting next_dagrun for pokemon_extract to 2025-05-03 10:00:00+00:00, run_after=2025-05-04 10:00:00+00:00
[2025-05-04T00:29:11.125+0000] {processor.py:183} INFO - Processing /opt/airflow/dags/pokemon_extraction.py took 0.177 seconds
