[2025-05-03T22:09:01.371+0000] {manager.py:470} INFO - Processing files using up to 2 processes at a time 
[2025-05-03T22:09:01.373+0000] {manager.py:471} INFO - Process each file at most once every 30 seconds
[2025-05-03T22:09:01.375+0000] {manager.py:472} INFO - Checking for new files in /opt/airflow/dags every 300 seconds
[2025-05-03T22:09:01.376+0000] {manager.py:737} INFO - Searching for files in /opt/airflow/dags
[2025-05-03T22:09:01.383+0000] {manager.py:740} INFO - There are 0 files in /opt/airflow/dags
[2025-05-03T22:14:01.490+0000] {manager.py:452} INFO - Exiting gracefully upon receiving signal 15
[2025-05-03T22:40:13.576+0000] {manager.py:470} INFO - Processing files using up to 2 processes at a time 
[2025-05-03T22:40:13.585+0000] {manager.py:471} INFO - Process each file at most once every 30 seconds
[2025-05-03T22:40:13.587+0000] {manager.py:472} INFO - Checking for new files in /opt/airflow/dags every 300 seconds
[2025-05-03T22:40:13.589+0000] {manager.py:737} INFO - Searching for files in /opt/airflow/dags
[2025-05-03T22:40:13.595+0000] {manager.py:740} INFO - There are 0 files in /opt/airflow/dags
[2025-05-03T22:45:14.616+0000] {manager.py:737} INFO - Searching for files in /opt/airflow/dags
[2025-05-03T22:45:14.856+0000] {manager.py:740} INFO - There are 0 files in /opt/airflow/dags
[2025-05-03T22:50:15.378+0000] {manager.py:737} INFO - Searching for files in /opt/airflow/dags
[2025-05-03T22:50:15.387+0000] {manager.py:740} INFO - There are 0 files in /opt/airflow/dags
[2025-05-03T22:55:16.064+0000] {manager.py:737} INFO - Searching for files in /opt/airflow/dags
[2025-05-03T22:55:16.069+0000] {manager.py:740} INFO - There are 0 files in /opt/airflow/dags
[2025-05-03T23:00:16.384+0000] {manager.py:737} INFO - Searching for files in /opt/airflow/dags
[2025-05-03T23:00:16.390+0000] {manager.py:740} INFO - There are 0 files in /opt/airflow/dags
[2025-05-03T23:05:16.670+0000] {manager.py:737} INFO - Searching for files in /opt/airflow/dags
[2025-05-03T23:05:16.721+0000] {manager.py:740} INFO - There are 0 files in /opt/airflow/dags
[2025-05-03T23:10:16.731+0000] {manager.py:737} INFO - Searching for files in /opt/airflow/dags
[2025-05-03T23:10:16.751+0000] {manager.py:740} INFO - There are 0 files in /opt/airflow/dags
[2025-05-03T23:15:17.524+0000] {manager.py:737} INFO - Searching for files in /opt/airflow/dags
[2025-05-03T23:15:17.540+0000] {manager.py:740} INFO - There are 0 files in /opt/airflow/dags
[2025-05-03T23:20:18.097+0000] {manager.py:737} INFO - Searching for files in /opt/airflow/dags
[2025-05-03T23:20:18.139+0000] {manager.py:740} INFO - There are 1 files in /opt/airflow/dags
[2025-05-03T23:20:32.108+0000] {manager.py:878} INFO - 
================================================================================
DAG File Processing Stats

File Path                                PID    Runtime      # DAGs    # Errors  Last Runtime    Last Run
---------------------------------------  -----  ---------  --------  ----------  --------------  -------------------
/opt/airflow/dags/pokemon_extraction.py                           1           0  0.64s           2025-05-03T23:20:19
================================================================================
[2025-05-03T23:21:03.291+0000] {manager.py:878} INFO - 
================================================================================
DAG File Processing Stats

File Path                                PID    Runtime      # DAGs    # Errors  Last Runtime    Last Run
---------------------------------------  -----  ---------  --------  ----------  --------------  -------------------
/opt/airflow/dags/pokemon_extraction.py                           1           0  0.39s           2025-05-03T23:20:49
================================================================================
[2025-05-03T23:21:34.030+0000] {manager.py:878} INFO - 
================================================================================
DAG File Processing Stats

File Path                                PID    Runtime      # DAGs    # Errors  Last Runtime    Last Run
---------------------------------------  -----  ---------  --------  ----------  --------------  -------------------
/opt/airflow/dags/pokemon_extraction.py                           1           0  0.17s           2025-05-03T23:21:20
================================================================================
[2025-05-03T23:22:05.017+0000] {manager.py:878} INFO - 
================================================================================
DAG File Processing Stats

File Path                                PID    Runtime      # DAGs    # Errors  Last Runtime    Last Run
---------------------------------------  -----  ---------  --------  ----------  --------------  -------------------
/opt/airflow/dags/pokemon_extraction.py                           1           0  0.20s           2025-05-03T23:21:50
================================================================================
[2025-05-03T23:22:35.821+0000] {manager.py:878} INFO - 
================================================================================
DAG File Processing Stats

File Path                                PID    Runtime      # DAGs    # Errors  Last Runtime    Last Run
---------------------------------------  -----  ---------  --------  ----------  --------------  -------------------
/opt/airflow/dags/pokemon_extraction.py                           1           0  0.20s           2025-05-03T23:22:21
================================================================================
[2025-05-03T23:23:06.695+0000] {manager.py:878} INFO - 
================================================================================
DAG File Processing Stats

File Path                                PID    Runtime      # DAGs    # Errors  Last Runtime    Last Run
---------------------------------------  -----  ---------  --------  ----------  --------------  -------------------
/opt/airflow/dags/pokemon_extraction.py                           1           0  0.18s           2025-05-03T23:22:52
================================================================================
[2025-05-03T23:23:37.561+0000] {manager.py:878} INFO - 
================================================================================
DAG File Processing Stats

File Path                                PID    Runtime      # DAGs    # Errors  Last Runtime    Last Run
---------------------------------------  -----  ---------  --------  ----------  --------------  -------------------
/opt/airflow/dags/pokemon_extraction.py                           1           0  0.22s           2025-05-03T23:23:23
================================================================================
[2025-05-03T23:24:08.385+0000] {manager.py:878} INFO - 
================================================================================
DAG File Processing Stats

File Path                                PID    Runtime      # DAGs    # Errors  Last Runtime    Last Run
---------------------------------------  -----  ---------  --------  ----------  --------------  -------------------
/opt/airflow/dags/pokemon_extraction.py                           1           0  0.20s           2025-05-03T23:23:53
================================================================================
[2025-05-03T23:24:39.272+0000] {manager.py:878} INFO - 
================================================================================
DAG File Processing Stats

File Path                                PID    Runtime      # DAGs    # Errors  Last Runtime    Last Run
---------------------------------------  -----  ---------  --------  ----------  --------------  -------------------
/opt/airflow/dags/pokemon_extraction.py                           1           0  0.23s           2025-05-03T23:24:24
================================================================================
[2025-05-03T23:25:10.174+0000] {manager.py:878} INFO - 
================================================================================
DAG File Processing Stats

File Path                                PID    Runtime      # DAGs    # Errors  Last Runtime    Last Run
---------------------------------------  -----  ---------  --------  ----------  --------------  -------------------
/opt/airflow/dags/pokemon_extraction.py                           1           0  0.19s           2025-05-03T23:24:55
================================================================================
[2025-05-03T23:25:18.219+0000] {manager.py:737} INFO - Searching for files in /opt/airflow/dags
[2025-05-03T23:25:18.295+0000] {manager.py:740} INFO - There are 1 files in /opt/airflow/dags
[2025-05-03T23:25:41.033+0000] {manager.py:878} INFO - 
================================================================================
DAG File Processing Stats

File Path                                PID    Runtime      # DAGs    # Errors  Last Runtime    Last Run
---------------------------------------  -----  ---------  --------  ----------  --------------  -------------------
/opt/airflow/dags/pokemon_extraction.py                           1           0  0.21s           2025-05-03T23:25:26
================================================================================
[2025-05-03T23:26:11.954+0000] {manager.py:878} INFO - 
================================================================================
DAG File Processing Stats

File Path                                PID    Runtime      # DAGs    # Errors  Last Runtime    Last Run
---------------------------------------  -----  ---------  --------  ----------  --------------  -------------------
/opt/airflow/dags/pokemon_extraction.py                           1           0  0.18s           2025-05-03T23:25:57
================================================================================
[2025-05-03T23:26:42.732+0000] {manager.py:878} INFO - 
================================================================================
DAG File Processing Stats

File Path                                PID    Runtime      # DAGs    # Errors  Last Runtime    Last Run
---------------------------------------  -----  ---------  --------  ----------  --------------  -------------------
/opt/airflow/dags/pokemon_extraction.py                           1           0  0.23s           2025-05-03T23:26:28
================================================================================
[2025-05-03T23:27:12.917+0000] {manager.py:878} INFO - 
================================================================================
DAG File Processing Stats

File Path                                PID    Runtime      # DAGs    # Errors  Last Runtime    Last Run
---------------------------------------  -----  ---------  --------  ----------  --------------  -------------------
/opt/airflow/dags/pokemon_extraction.py                           1           0  0.20s           2025-05-03T23:26:59
================================================================================
[2025-05-03T23:27:43.874+0000] {manager.py:878} INFO - 
================================================================================
DAG File Processing Stats

File Path                                PID    Runtime      # DAGs    # Errors  Last Runtime    Last Run
---------------------------------------  -----  ---------  --------  ----------  --------------  -------------------
/opt/airflow/dags/pokemon_extraction.py                           1           0  0.22s           2025-05-03T23:27:29
================================================================================
[2025-05-03T23:28:14.664+0000] {manager.py:878} INFO - 
================================================================================
DAG File Processing Stats

File Path                                PID    Runtime      # DAGs    # Errors  Last Runtime    Last Run
---------------------------------------  -----  ---------  --------  ----------  --------------  -------------------
/opt/airflow/dags/pokemon_extraction.py                           1           0  0.19s           2025-05-03T23:28:00
================================================================================
[2025-05-03T23:28:45.641+0000] {manager.py:878} INFO - 
================================================================================
DAG File Processing Stats

File Path                                PID    Runtime      # DAGs    # Errors  Last Runtime    Last Run
---------------------------------------  -----  ---------  --------  ----------  --------------  -------------------
/opt/airflow/dags/pokemon_extraction.py                           1           0  0.34s           2025-05-03T23:28:31
================================================================================
[2025-05-03T23:29:16.574+0000] {manager.py:878} INFO - 
================================================================================
DAG File Processing Stats

File Path                                PID    Runtime      # DAGs    # Errors  Last Runtime    Last Run
---------------------------------------  -----  ---------  --------  ----------  --------------  -------------------
/opt/airflow/dags/pokemon_extraction.py                           1           0  0.18s           2025-05-03T23:29:02
================================================================================
[2025-05-03T23:29:47.436+0000] {manager.py:878} INFO - 
================================================================================
DAG File Processing Stats

File Path                                PID    Runtime      # DAGs    # Errors  Last Runtime    Last Run
---------------------------------------  -----  ---------  --------  ----------  --------------  -------------------
/opt/airflow/dags/pokemon_extraction.py                           1           0  0.25s           2025-05-03T23:29:33
================================================================================
[2025-05-03T23:30:18.480+0000] {manager.py:737} INFO - Searching for files in /opt/airflow/dags
[2025-05-03T23:30:18.562+0000] {manager.py:740} INFO - There are 1 files in /opt/airflow/dags
[2025-05-03T23:30:18.592+0000] {manager.py:878} INFO - 
================================================================================
DAG File Processing Stats

File Path                                PID    Runtime      # DAGs    # Errors  Last Runtime    Last Run
---------------------------------------  -----  ---------  --------  ----------  --------------  -------------------
/opt/airflow/dags/pokemon_extraction.py                           1           0  0.73s           2025-05-03T23:30:04
================================================================================
[2025-05-03T23:30:49.345+0000] {manager.py:878} INFO - 
================================================================================
DAG File Processing Stats

File Path                                PID    Runtime      # DAGs    # Errors  Last Runtime    Last Run
---------------------------------------  -----  ---------  --------  ----------  --------------  -------------------
/opt/airflow/dags/pokemon_extraction.py                           1           0  0.26s           2025-05-03T23:30:35
================================================================================
[2025-05-03T23:31:20.120+0000] {manager.py:878} INFO - 
================================================================================
DAG File Processing Stats

File Path                                PID    Runtime      # DAGs    # Errors  Last Runtime    Last Run
---------------------------------------  -----  ---------  --------  ----------  --------------  -------------------
/opt/airflow/dags/pokemon_extraction.py                           1           0  0.18s           2025-05-03T23:31:06
================================================================================
[2025-05-03T23:31:51.107+0000] {manager.py:878} INFO - 
================================================================================
DAG File Processing Stats

File Path                                PID    Runtime      # DAGs    # Errors  Last Runtime    Last Run
---------------------------------------  -----  ---------  --------  ----------  --------------  -------------------
/opt/airflow/dags/pokemon_extraction.py                           1           0  0.75s           2025-05-03T23:31:36
================================================================================
[2025-05-03T23:32:21.898+0000] {manager.py:878} INFO - 
================================================================================
DAG File Processing Stats

File Path                                PID    Runtime      # DAGs    # Errors  Last Runtime    Last Run
---------------------------------------  -----  ---------  --------  ----------  --------------  -------------------
/opt/airflow/dags/pokemon_extraction.py                           1           0  0.32s           2025-05-03T23:32:07
================================================================================
[2025-05-03T23:32:52.674+0000] {manager.py:878} INFO - 
================================================================================
DAG File Processing Stats

File Path                                PID    Runtime      # DAGs    # Errors  Last Runtime    Last Run
---------------------------------------  -----  ---------  --------  ----------  --------------  -------------------
/opt/airflow/dags/pokemon_extraction.py                           1           0  0.17s           2025-05-03T23:32:38
================================================================================
[2025-05-03T23:33:23.768+0000] {manager.py:878} INFO - 
================================================================================
DAG File Processing Stats

File Path                                PID    Runtime      # DAGs    # Errors  Last Runtime    Last Run
---------------------------------------  -----  ---------  --------  ----------  --------------  -------------------
/opt/airflow/dags/pokemon_extraction.py                           1           0  0.21s           2025-05-03T23:33:09
================================================================================
[2025-05-03T23:33:54.712+0000] {manager.py:878} INFO - 
================================================================================
DAG File Processing Stats

File Path                                PID    Runtime      # DAGs    # Errors  Last Runtime    Last Run
---------------------------------------  -----  ---------  --------  ----------  --------------  -------------------
/opt/airflow/dags/pokemon_extraction.py                           1           0  0.26s           2025-05-03T23:33:40
================================================================================
[2025-05-03T23:34:25.803+0000] {manager.py:878} INFO - 
================================================================================
DAG File Processing Stats

File Path                                PID    Runtime      # DAGs    # Errors  Last Runtime    Last Run
---------------------------------------  -----  ---------  --------  ----------  --------------  -------------------
/opt/airflow/dags/pokemon_extraction.py                           1           0  0.28s           2025-05-03T23:34:11
================================================================================
[2025-05-03T23:34:56.788+0000] {manager.py:878} INFO - 
================================================================================
DAG File Processing Stats

File Path                                PID    Runtime      # DAGs    # Errors  Last Runtime    Last Run
---------------------------------------  -----  ---------  --------  ----------  --------------  -------------------
/opt/airflow/dags/pokemon_extraction.py                           1           0  0.21s           2025-05-03T23:34:42
================================================================================
[2025-05-03T23:35:18.970+0000] {manager.py:737} INFO - Searching for files in /opt/airflow/dags
[2025-05-03T23:35:19.032+0000] {manager.py:740} INFO - There are 1 files in /opt/airflow/dags
[2025-05-03T23:35:27.719+0000] {manager.py:878} INFO - 
================================================================================
DAG File Processing Stats

File Path                                PID    Runtime      # DAGs    # Errors  Last Runtime    Last Run
---------------------------------------  -----  ---------  --------  ----------  --------------  -------------------
/opt/airflow/dags/pokemon_extraction.py                           1           0  0.17s           2025-05-03T23:35:13
================================================================================
[2025-05-03T23:35:57.993+0000] {manager.py:878} INFO - 
================================================================================
DAG File Processing Stats

File Path                                PID    Runtime      # DAGs    # Errors  Last Runtime    Last Run
---------------------------------------  -----  ---------  --------  ----------  --------------  -------------------
/opt/airflow/dags/pokemon_extraction.py                           1           0  0.24s           2025-05-03T23:35:44
================================================================================
[2025-05-03T23:36:29.026+0000] {manager.py:878} INFO - 
================================================================================
DAG File Processing Stats

File Path                                PID    Runtime      # DAGs    # Errors  Last Runtime    Last Run
---------------------------------------  -----  ---------  --------  ----------  --------------  -------------------
/opt/airflow/dags/pokemon_extraction.py                           1           0  0.29s           2025-05-03T23:36:15
================================================================================
[2025-05-03T23:36:59.969+0000] {manager.py:878} INFO - 
================================================================================
DAG File Processing Stats

File Path                                PID    Runtime      # DAGs    # Errors  Last Runtime    Last Run
---------------------------------------  -----  ---------  --------  ----------  --------------  -------------------
/opt/airflow/dags/pokemon_extraction.py                           1           0  0.21s           2025-05-03T23:36:45
================================================================================
[2025-05-03T23:37:30.932+0000] {manager.py:878} INFO - 
================================================================================
DAG File Processing Stats

File Path                                PID    Runtime      # DAGs    # Errors  Last Runtime    Last Run
---------------------------------------  -----  ---------  --------  ----------  --------------  -------------------
/opt/airflow/dags/pokemon_extraction.py                           1           0  0.22s           2025-05-03T23:37:16
================================================================================
[2025-05-03T23:38:01.950+0000] {manager.py:878} INFO - 
================================================================================
DAG File Processing Stats

File Path                                PID    Runtime      # DAGs    # Errors  Last Runtime    Last Run
---------------------------------------  -----  ---------  --------  ----------  --------------  -------------------
/opt/airflow/dags/pokemon_extraction.py                           1           0  0.32s           2025-05-03T23:37:47
================================================================================
[2025-05-03T23:38:33.289+0000] {manager.py:878} INFO - 
================================================================================
DAG File Processing Stats

File Path                                PID    Runtime      # DAGs    # Errors  Last Runtime    Last Run
---------------------------------------  -----  ---------  --------  ----------  --------------  -------------------
/opt/airflow/dags/pokemon_extraction.py                           1           0  0.26s           2025-05-03T23:38:19
================================================================================
[2025-05-03T23:39:04.291+0000] {manager.py:878} INFO - 
================================================================================
DAG File Processing Stats

File Path                                PID    Runtime      # DAGs    # Errors  Last Runtime    Last Run
---------------------------------------  -----  ---------  --------  ----------  --------------  -------------------
/opt/airflow/dags/pokemon_extraction.py                           1           0  0.22s           2025-05-03T23:38:49
================================================================================
[2025-05-03T23:39:34.973+0000] {manager.py:878} INFO - 
================================================================================
DAG File Processing Stats

File Path                                PID    Runtime      # DAGs    # Errors  Last Runtime    Last Run
---------------------------------------  -----  ---------  --------  ----------  --------------  -------------------
/opt/airflow/dags/pokemon_extraction.py                           1           0  0.70s           2025-05-03T23:39:20
================================================================================
[2025-05-03T23:40:05.574+0000] {manager.py:878} INFO - 
================================================================================
DAG File Processing Stats

File Path                                PID    Runtime      # DAGs    # Errors  Last Runtime    Last Run
---------------------------------------  -----  ---------  --------  ----------  --------------  -------------------
/opt/airflow/dags/pokemon_extraction.py                           1           0  0.21s           2025-05-03T23:39:51
================================================================================
[2025-05-03T23:40:19.449+0000] {manager.py:737} INFO - Searching for files in /opt/airflow/dags
[2025-05-03T23:40:19.494+0000] {manager.py:740} INFO - There are 1 files in /opt/airflow/dags
[2025-05-03T23:40:36.212+0000] {manager.py:878} INFO - 
================================================================================
DAG File Processing Stats

File Path                                PID    Runtime      # DAGs    # Errors  Last Runtime    Last Run
---------------------------------------  -----  ---------  --------  ----------  --------------  -------------------
/opt/airflow/dags/pokemon_extraction.py                           1           0  0.24s           2025-05-03T23:40:21
================================================================================
[2025-05-03T23:41:07.253+0000] {manager.py:878} INFO - 
================================================================================
DAG File Processing Stats

File Path                                PID    Runtime      # DAGs    # Errors  Last Runtime    Last Run
---------------------------------------  -----  ---------  --------  ----------  --------------  -------------------
/opt/airflow/dags/pokemon_extraction.py                           1           0  0.27s           2025-05-03T23:40:52
================================================================================
[2025-05-03T23:41:38.227+0000] {manager.py:878} INFO - 
================================================================================
DAG File Processing Stats

File Path                                PID    Runtime      # DAGs    # Errors  Last Runtime    Last Run
---------------------------------------  -----  ---------  --------  ----------  --------------  -------------------
/opt/airflow/dags/pokemon_extraction.py                           1           0  0.29s           2025-05-03T23:41:23
================================================================================
[2025-05-03T23:42:09.356+0000] {manager.py:878} INFO - 
================================================================================
DAG File Processing Stats

File Path                                PID    Runtime      # DAGs    # Errors  Last Runtime    Last Run
---------------------------------------  -----  ---------  --------  ----------  --------------  -------------------
/opt/airflow/dags/pokemon_extraction.py                           1           0  0.29s           2025-05-03T23:41:55
================================================================================
[2025-05-03T23:42:40.380+0000] {manager.py:878} INFO - 
================================================================================
DAG File Processing Stats

File Path                                PID    Runtime      # DAGs    # Errors  Last Runtime    Last Run
---------------------------------------  -----  ---------  --------  ----------  --------------  -------------------
/opt/airflow/dags/pokemon_extraction.py                           1           0  0.21s           2025-05-03T23:42:26
================================================================================
[2025-05-03T23:43:11.204+0000] {manager.py:878} INFO - 
================================================================================
DAG File Processing Stats

File Path                                PID    Runtime      # DAGs    # Errors  Last Runtime    Last Run
---------------------------------------  -----  ---------  --------  ----------  --------------  -------------------
/opt/airflow/dags/pokemon_extraction.py                           1           0  0.20s           2025-05-03T23:42:57
================================================================================
[2025-05-03T23:43:42.128+0000] {manager.py:878} INFO - 
================================================================================
DAG File Processing Stats

File Path                                PID    Runtime      # DAGs    # Errors  Last Runtime    Last Run
---------------------------------------  -----  ---------  --------  ----------  --------------  -------------------
/opt/airflow/dags/pokemon_extraction.py                           1           0  0.24s           2025-05-03T23:43:28
================================================================================
[2025-05-03T23:44:13.056+0000] {manager.py:878} INFO - 
================================================================================
DAG File Processing Stats

File Path                                PID    Runtime      # DAGs    # Errors  Last Runtime    Last Run
---------------------------------------  -----  ---------  --------  ----------  --------------  -------------------
/opt/airflow/dags/pokemon_extraction.py                           1           0  0.45s           2025-05-03T23:43:59
================================================================================
[2025-05-03T23:44:43.275+0000] {manager.py:878} INFO - 
================================================================================
DAG File Processing Stats

File Path                                PID    Runtime      # DAGs    # Errors  Last Runtime    Last Run
---------------------------------------  -----  ---------  --------  ----------  --------------  -------------------
/opt/airflow/dags/pokemon_extraction.py                           1           0  0.34s           2025-05-03T23:44:30
================================================================================
[2025-05-03T23:45:14.107+0000] {manager.py:878} INFO - 
================================================================================
DAG File Processing Stats

File Path                                PID    Runtime      # DAGs    # Errors  Last Runtime    Last Run
---------------------------------------  -----  ---------  --------  ----------  --------------  -------------------
/opt/airflow/dags/pokemon_extraction.py                           1           0  0.20s           2025-05-03T23:45:01
================================================================================
[2025-05-03T23:45:19.721+0000] {manager.py:737} INFO - Searching for files in /opt/airflow/dags
[2025-05-03T23:45:19.760+0000] {manager.py:740} INFO - There are 1 files in /opt/airflow/dags
[2025-05-03T23:45:44.940+0000] {manager.py:878} INFO - 
================================================================================
DAG File Processing Stats

File Path                                PID    Runtime      # DAGs    # Errors  Last Runtime    Last Run
---------------------------------------  -----  ---------  --------  ----------  --------------  -------------------
/opt/airflow/dags/pokemon_extraction.py                           1           0  0.16s           2025-05-03T23:45:32
================================================================================
[2025-05-03T23:46:15.924+0000] {manager.py:878} INFO - 
================================================================================
DAG File Processing Stats

File Path                                PID    Runtime      # DAGs    # Errors  Last Runtime    Last Run
---------------------------------------  -----  ---------  --------  ----------  --------------  -------------------
/opt/airflow/dags/pokemon_extraction.py                           1           0  0.22s           2025-05-03T23:46:03
================================================================================
[2025-05-03T23:46:46.935+0000] {manager.py:878} INFO - 
================================================================================
DAG File Processing Stats

File Path                                PID    Runtime      # DAGs    # Errors  Last Runtime    Last Run
---------------------------------------  -----  ---------  --------  ----------  --------------  -------------------
/opt/airflow/dags/pokemon_extraction.py                           1           0  0.25s           2025-05-03T23:46:33
================================================================================
[2025-05-03T23:47:17.746+0000] {manager.py:878} INFO - 
================================================================================
DAG File Processing Stats

File Path                                PID    Runtime      # DAGs    # Errors  Last Runtime    Last Run
---------------------------------------  -----  ---------  --------  ----------  --------------  -------------------
/opt/airflow/dags/pokemon_extraction.py                           1           0  0.28s           2025-05-03T23:47:04
================================================================================
[2025-05-03T23:47:48.539+0000] {manager.py:878} INFO - 
================================================================================
DAG File Processing Stats

File Path                                PID    Runtime      # DAGs    # Errors  Last Runtime    Last Run
---------------------------------------  -----  ---------  --------  ----------  --------------  -------------------
/opt/airflow/dags/pokemon_extraction.py                           1           0  0.20s           2025-05-03T23:47:35
================================================================================
[2025-05-03T23:48:19.534+0000] {manager.py:878} INFO - 
================================================================================
DAG File Processing Stats

File Path                                PID    Runtime      # DAGs    # Errors  Last Runtime    Last Run
---------------------------------------  -----  ---------  --------  ----------  --------------  -------------------
/opt/airflow/dags/pokemon_extraction.py                           1           0  0.30s           2025-05-03T23:48:06
================================================================================
[2025-05-03T23:48:50.406+0000] {manager.py:878} INFO - 
================================================================================
DAG File Processing Stats

File Path                                PID    Runtime      # DAGs    # Errors  Last Runtime    Last Run
---------------------------------------  -----  ---------  --------  ----------  --------------  -------------------
/opt/airflow/dags/pokemon_extraction.py                           1           0  0.21s           2025-05-03T23:48:37
================================================================================
[2025-05-03T23:49:21.365+0000] {manager.py:878} INFO - 
================================================================================
DAG File Processing Stats

File Path                                PID    Runtime      # DAGs    # Errors  Last Runtime    Last Run
---------------------------------------  -----  ---------  --------  ----------  --------------  -------------------
/opt/airflow/dags/pokemon_extraction.py                           1           0  1.15s           2025-05-03T23:49:08
================================================================================
[2025-05-03T23:49:52.525+0000] {manager.py:878} INFO - 
================================================================================
DAG File Processing Stats

File Path                                PID    Runtime      # DAGs    # Errors  Last Runtime    Last Run
---------------------------------------  -----  ---------  --------  ----------  --------------  -------------------
/opt/airflow/dags/pokemon_extraction.py                           1           0  0.19s           2025-05-03T23:49:39
================================================================================
[2025-05-03T23:50:20.468+0000] {manager.py:737} INFO - Searching for files in /opt/airflow/dags
[2025-05-03T23:50:20.523+0000] {manager.py:740} INFO - There are 1 files in /opt/airflow/dags
[2025-05-03T23:50:23.599+0000] {manager.py:878} INFO - 
================================================================================
DAG File Processing Stats

File Path                                PID    Runtime      # DAGs    # Errors  Last Runtime    Last Run
---------------------------------------  -----  ---------  --------  ----------  --------------  -------------------
/opt/airflow/dags/pokemon_extraction.py                           1           0  0.20s           2025-05-03T23:50:09
================================================================================
[2025-05-03T23:50:54.423+0000] {manager.py:878} INFO - 
================================================================================
DAG File Processing Stats

File Path                                PID    Runtime      # DAGs    # Errors  Last Runtime    Last Run
---------------------------------------  -----  ---------  --------  ----------  --------------  -------------------
/opt/airflow/dags/pokemon_extraction.py                           1           0  0.17s           2025-05-03T23:50:40
================================================================================
[2025-05-03T23:51:25.330+0000] {manager.py:878} INFO - 
================================================================================
DAG File Processing Stats

File Path                                PID    Runtime      # DAGs    # Errors  Last Runtime    Last Run
---------------------------------------  -----  ---------  --------  ----------  --------------  -------------------
/opt/airflow/dags/pokemon_extraction.py                           1           0  0.17s           2025-05-03T23:51:11
================================================================================
[2025-05-03T23:51:56.312+0000] {manager.py:878} INFO - 
================================================================================
DAG File Processing Stats

File Path                                PID    Runtime      # DAGs    # Errors  Last Runtime    Last Run
---------------------------------------  -----  ---------  --------  ----------  --------------  -------------------
/opt/airflow/dags/pokemon_extraction.py                           1           0  0.24s           2025-05-03T23:51:42
================================================================================
[2025-05-03T23:52:27.120+0000] {manager.py:878} INFO - 
================================================================================
DAG File Processing Stats

File Path                                PID    Runtime      # DAGs    # Errors  Last Runtime    Last Run
---------------------------------------  -----  ---------  --------  ----------  --------------  -------------------
/opt/airflow/dags/pokemon_extraction.py                           1           0  0.18s           2025-05-03T23:52:13
================================================================================
[2025-05-03T23:52:57.477+0000] {manager.py:878} INFO - 
================================================================================
DAG File Processing Stats

File Path                                PID    Runtime      # DAGs    # Errors  Last Runtime    Last Run
---------------------------------------  -----  ---------  --------  ----------  --------------  -------------------
/opt/airflow/dags/pokemon_extraction.py                           1           0  0.29s           2025-05-03T23:52:44
================================================================================
[2025-05-03T23:53:28.288+0000] {manager.py:878} INFO - 
================================================================================
DAG File Processing Stats

File Path                                PID    Runtime      # DAGs    # Errors  Last Runtime    Last Run
---------------------------------------  -----  ---------  --------  ----------  --------------  -------------------
/opt/airflow/dags/pokemon_extraction.py                           1           0  0.18s           2025-05-03T23:53:15
================================================================================
[2025-05-03T23:53:59.204+0000] {manager.py:878} INFO - 
================================================================================
DAG File Processing Stats

File Path                                PID    Runtime      # DAGs    # Errors  Last Runtime    Last Run
---------------------------------------  -----  ---------  --------  ----------  --------------  -------------------
/opt/airflow/dags/pokemon_extraction.py                           1           0  0.18s           2025-05-03T23:53:46
================================================================================
[2025-05-03T23:54:30.078+0000] {manager.py:878} INFO - 
================================================================================
DAG File Processing Stats

File Path                                PID    Runtime      # DAGs    # Errors  Last Runtime    Last Run
---------------------------------------  -----  ---------  --------  ----------  --------------  -------------------
/opt/airflow/dags/pokemon_extraction.py                           1           0  0.20s           2025-05-03T23:54:17
================================================================================
[2025-05-03T23:55:01.061+0000] {manager.py:878} INFO - 
================================================================================
DAG File Processing Stats

File Path                                PID    Runtime      # DAGs    # Errors  Last Runtime    Last Run
---------------------------------------  -----  ---------  --------  ----------  --------------  -------------------
/opt/airflow/dags/pokemon_extraction.py                           1           0  0.17s           2025-05-03T23:54:48
================================================================================
[2025-05-03T23:55:20.849+0000] {manager.py:737} INFO - Searching for files in /opt/airflow/dags
[2025-05-03T23:55:20.882+0000] {manager.py:740} INFO - There are 1 files in /opt/airflow/dags
[2025-05-03T23:55:31.971+0000] {manager.py:878} INFO - 
================================================================================
DAG File Processing Stats

File Path                                PID    Runtime      # DAGs    # Errors  Last Runtime    Last Run
---------------------------------------  -----  ---------  --------  ----------  --------------  -------------------
/opt/airflow/dags/pokemon_extraction.py                           1           0  0.18s           2025-05-03T23:55:18
================================================================================
[2025-05-03T23:56:02.885+0000] {manager.py:878} INFO - 
================================================================================
DAG File Processing Stats

File Path                                PID    Runtime      # DAGs    # Errors  Last Runtime    Last Run
---------------------------------------  -----  ---------  --------  ----------  --------------  -------------------
/opt/airflow/dags/pokemon_extraction.py                           1           0  0.18s           2025-05-03T23:55:49
================================================================================
[2025-05-03T23:56:33.754+0000] {manager.py:878} INFO - 
================================================================================
DAG File Processing Stats

File Path                                PID    Runtime      # DAGs    # Errors  Last Runtime    Last Run
---------------------------------------  -----  ---------  --------  ----------  --------------  -------------------
/opt/airflow/dags/pokemon_extraction.py                           1           0  0.34s           2025-05-03T23:56:20
================================================================================
[2025-05-03T23:57:04.958+0000] {manager.py:878} INFO - 
================================================================================
DAG File Processing Stats

File Path                                PID    Runtime      # DAGs    # Errors  Last Runtime    Last Run
---------------------------------------  -----  ---------  --------  ----------  --------------  -------------------
/opt/airflow/dags/pokemon_extraction.py                           1           0  0.31s           2025-05-03T23:56:51
================================================================================
[2025-05-03T23:57:35.843+0000] {manager.py:878} INFO - 
================================================================================
DAG File Processing Stats

File Path                                PID    Runtime      # DAGs    # Errors  Last Runtime    Last Run
---------------------------------------  -----  ---------  --------  ----------  --------------  -------------------
/opt/airflow/dags/pokemon_extraction.py                           1           0  0.37s           2025-05-03T23:57:23
================================================================================
[2025-05-03T23:58:07.083+0000] {manager.py:878} INFO - 
================================================================================
DAG File Processing Stats

File Path                                PID    Runtime      # DAGs    # Errors  Last Runtime    Last Run
---------------------------------------  -----  ---------  --------  ----------  --------------  -------------------
/opt/airflow/dags/pokemon_extraction.py                           1           0  0.20s           2025-05-03T23:57:53
================================================================================
[2025-05-03T23:58:37.771+0000] {manager.py:878} INFO - 
================================================================================
DAG File Processing Stats

File Path                                PID    Runtime      # DAGs    # Errors  Last Runtime    Last Run
---------------------------------------  -----  ---------  --------  ----------  --------------  -------------------
/opt/airflow/dags/pokemon_extraction.py                           1           0  0.22s           2025-05-03T23:58:23
================================================================================
[2025-05-03T23:59:08.460+0000] {manager.py:878} INFO - 
================================================================================
DAG File Processing Stats

File Path                                PID    Runtime      # DAGs    # Errors  Last Runtime    Last Run
---------------------------------------  -----  ---------  --------  ----------  --------------  -------------------
/opt/airflow/dags/pokemon_extraction.py                           1           0  0.23s           2025-05-03T23:58:54
================================================================================
[2025-05-03T23:59:39.633+0000] {manager.py:878} INFO - 
================================================================================
DAG File Processing Stats

File Path                                PID    Runtime      # DAGs    # Errors  Last Runtime    Last Run
---------------------------------------  -----  ---------  --------  ----------  --------------  -------------------
/opt/airflow/dags/pokemon_extraction.py                           1           0  0.19s           2025-05-03T23:59:25
================================================================================
[2025-05-04T00:00:10.710+0000] {manager.py:878} INFO - 
================================================================================
DAG File Processing Stats

File Path                                PID    Runtime      # DAGs    # Errors  Last Runtime    Last Run
---------------------------------------  -----  ---------  --------  ----------  --------------  -------------------
/opt/airflow/dags/pokemon_extraction.py                           1           0  0.21s           2025-05-03T23:59:57
================================================================================
[2025-05-04T00:00:20.922+0000] {manager.py:737} INFO - Searching for files in /opt/airflow/dags
[2025-05-04T00:00:20.974+0000] {manager.py:740} INFO - There are 1 files in /opt/airflow/dags
[2025-05-04T00:00:41.484+0000] {manager.py:878} INFO - 
================================================================================
DAG File Processing Stats

File Path                                PID    Runtime      # DAGs    # Errors  Last Runtime    Last Run
---------------------------------------  -----  ---------  --------  ----------  --------------  -------------------
/opt/airflow/dags/pokemon_extraction.py                           1           0  0.43s           2025-05-04T00:00:27
================================================================================
[2025-05-04T00:01:12.737+0000] {manager.py:878} INFO - 
================================================================================
DAG File Processing Stats

File Path                                PID    Runtime      # DAGs    # Errors  Last Runtime    Last Run
---------------------------------------  -----  ---------  --------  ----------  --------------  -------------------
/opt/airflow/dags/pokemon_extraction.py                           1           0  0.32s           2025-05-04T00:00:58
================================================================================
[2025-05-04T00:01:42.970+0000] {manager.py:878} INFO - 
================================================================================
DAG File Processing Stats

File Path                                PID    Runtime      # DAGs    # Errors  Last Runtime    Last Run
---------------------------------------  -----  ---------  --------  ----------  --------------  -------------------
/opt/airflow/dags/pokemon_extraction.py                           1           0  0.28s           2025-05-04T00:01:28
================================================================================
[2025-05-04T00:02:13.724+0000] {manager.py:878} INFO - 
================================================================================
DAG File Processing Stats

File Path                                PID    Runtime      # DAGs    # Errors  Last Runtime    Last Run
---------------------------------------  -----  ---------  --------  ----------  --------------  -------------------
/opt/airflow/dags/pokemon_extraction.py                           1           0  0.55s           2025-05-04T00:01:59
================================================================================
[2025-05-04T00:02:44.855+0000] {manager.py:878} INFO - 
================================================================================
DAG File Processing Stats

File Path                                PID    Runtime      # DAGs    # Errors  Last Runtime    Last Run
---------------------------------------  -----  ---------  --------  ----------  --------------  -------------------
/opt/airflow/dags/pokemon_extraction.py                           1           0  0.76s           2025-05-04T00:02:31
================================================================================
[2025-05-04T00:03:16.094+0000] {manager.py:878} INFO - 
================================================================================
DAG File Processing Stats

File Path                                PID    Runtime      # DAGs    # Errors  Last Runtime    Last Run
---------------------------------------  -----  ---------  --------  ----------  --------------  -------------------
/opt/airflow/dags/pokemon_extraction.py                           1           0  0.28s           2025-05-04T00:03:02
================================================================================
[2025-05-04T00:03:47.315+0000] {manager.py:878} INFO - 
================================================================================
DAG File Processing Stats

File Path                                PID    Runtime      # DAGs    # Errors  Last Runtime    Last Run
---------------------------------------  -----  ---------  --------  ----------  --------------  -------------------
/opt/airflow/dags/pokemon_extraction.py                           1           0  0.89s           2025-05-04T00:03:33
================================================================================
[2025-05-04T00:04:18.653+0000] {manager.py:878} INFO - 
================================================================================
DAG File Processing Stats

File Path                                PID    Runtime      # DAGs    # Errors  Last Runtime    Last Run
---------------------------------------  -----  ---------  --------  ----------  --------------  -------------------
/opt/airflow/dags/pokemon_extraction.py                           1           0  0.19s           2025-05-04T00:04:04
================================================================================
[2025-05-04T00:04:50.146+0000] {manager.py:878} INFO - 
================================================================================
DAG File Processing Stats

File Path                                PID    Runtime      # DAGs    # Errors  Last Runtime    Last Run
---------------------------------------  -----  ---------  --------  ----------  --------------  -------------------
/opt/airflow/dags/pokemon_extraction.py                           1           0  0.20s           2025-05-04T00:04:34
================================================================================
[2025-05-04T00:05:20.908+0000] {manager.py:878} INFO - 
================================================================================
DAG File Processing Stats

File Path                                PID    Runtime      # DAGs    # Errors  Last Runtime    Last Run
---------------------------------------  -----  ---------  --------  ----------  --------------  -------------------
/opt/airflow/dags/pokemon_extraction.py                           1           0  0.70s           2025-05-04T00:05:06
================================================================================
[2025-05-04T00:05:21.634+0000] {manager.py:737} INFO - Searching for files in /opt/airflow/dags
[2025-05-04T00:05:21.669+0000] {manager.py:740} INFO - There are 1 files in /opt/airflow/dags
[2025-05-04T00:05:51.615+0000] {manager.py:878} INFO - 
================================================================================
DAG File Processing Stats

File Path                                PID    Runtime      # DAGs    # Errors  Last Runtime    Last Run
---------------------------------------  -----  ---------  --------  ----------  --------------  -------------------
/opt/airflow/dags/pokemon_extraction.py                           1           0  0.20s           2025-05-04T00:05:37
================================================================================
[2025-05-04T00:06:21.837+0000] {manager.py:878} INFO - 
================================================================================
DAG File Processing Stats

File Path                                PID    Runtime      # DAGs    # Errors  Last Runtime    Last Run
---------------------------------------  -----  ---------  --------  ----------  --------------  -------------------
/opt/airflow/dags/pokemon_extraction.py                           1           0  0.21s           2025-05-04T00:06:07
================================================================================
[2025-05-04T00:06:52.826+0000] {manager.py:878} INFO - 
================================================================================
DAG File Processing Stats

File Path                                PID    Runtime      # DAGs    # Errors  Last Runtime    Last Run
---------------------------------------  -----  ---------  --------  ----------  --------------  -------------------
/opt/airflow/dags/pokemon_extraction.py                           1           0  0.31s           2025-05-04T00:06:38
================================================================================
[2025-05-04T00:07:23.781+0000] {manager.py:878} INFO - 
================================================================================
DAG File Processing Stats

File Path                                PID    Runtime      # DAGs    # Errors  Last Runtime    Last Run
---------------------------------------  -----  ---------  --------  ----------  --------------  -------------------
/opt/airflow/dags/pokemon_extraction.py                           1           0  0.20s           2025-05-04T00:07:09
================================================================================
[2025-05-04T00:07:55.125+0000] {manager.py:878} INFO - 
================================================================================
DAG File Processing Stats

File Path                                PID    Runtime      # DAGs    # Errors  Last Runtime    Last Run
---------------------------------------  -----  ---------  --------  ----------  --------------  -------------------
/opt/airflow/dags/pokemon_extraction.py                           1           0  0.20s           2025-05-04T00:07:40
================================================================================
[2025-05-04T00:08:26.166+0000] {manager.py:878} INFO - 
================================================================================
DAG File Processing Stats

File Path                                PID    Runtime      # DAGs    # Errors  Last Runtime    Last Run
---------------------------------------  -----  ---------  --------  ----------  --------------  -------------------
/opt/airflow/dags/pokemon_extraction.py                           1           0  0.30s           2025-05-04T00:08:11
================================================================================
[2025-05-04T00:08:57.058+0000] {manager.py:878} INFO - 
================================================================================
DAG File Processing Stats

File Path                                PID    Runtime      # DAGs    # Errors  Last Runtime    Last Run
---------------------------------------  -----  ---------  --------  ----------  --------------  -------------------
/opt/airflow/dags/pokemon_extraction.py                           1           0  0.46s           2025-05-04T00:08:41
================================================================================
[2025-05-04T00:09:27.861+0000] {manager.py:878} INFO - 
================================================================================
DAG File Processing Stats

File Path                                PID    Runtime      # DAGs    # Errors  Last Runtime    Last Run
---------------------------------------  -----  ---------  --------  ----------  --------------  -------------------
/opt/airflow/dags/pokemon_extraction.py                           1           0  0.28s           2025-05-04T00:09:12
================================================================================
[2025-05-04T00:09:58.837+0000] {manager.py:878} INFO - 
================================================================================
DAG File Processing Stats

File Path                                PID    Runtime      # DAGs    # Errors  Last Runtime    Last Run
---------------------------------------  -----  ---------  --------  ----------  --------------  -------------------
/opt/airflow/dags/pokemon_extraction.py                           1           0  0.23s           2025-05-04T00:09:43
================================================================================
[2025-05-04T00:10:21.797+0000] {manager.py:737} INFO - Searching for files in /opt/airflow/dags
[2025-05-04T00:10:21.830+0000] {manager.py:740} INFO - There are 1 files in /opt/airflow/dags
[2025-05-04T00:10:29.890+0000] {manager.py:878} INFO - 
================================================================================
DAG File Processing Stats

File Path                                PID    Runtime      # DAGs    # Errors  Last Runtime    Last Run
---------------------------------------  -----  ---------  --------  ----------  --------------  -------------------
/opt/airflow/dags/pokemon_extraction.py                           1           0  0.18s           2025-05-04T00:10:13
================================================================================
[2025-05-04T00:11:00.802+0000] {manager.py:878} INFO - 
================================================================================
DAG File Processing Stats

File Path                                PID    Runtime      # DAGs    # Errors  Last Runtime    Last Run
---------------------------------------  -----  ---------  --------  ----------  --------------  -------------------
/opt/airflow/dags/pokemon_extraction.py                           1           0  0.19s           2025-05-04T00:10:44
================================================================================
[2025-05-04T00:11:31.766+0000] {manager.py:878} INFO - 
================================================================================
DAG File Processing Stats

File Path                                PID    Runtime      # DAGs    # Errors  Last Runtime    Last Run
---------------------------------------  -----  ---------  --------  ----------  --------------  -------------------
/opt/airflow/dags/pokemon_extraction.py                           1           0  0.18s           2025-05-04T00:11:15
================================================================================
[2025-05-04T00:12:02.620+0000] {manager.py:878} INFO - 
================================================================================
DAG File Processing Stats

File Path                                PID    Runtime      # DAGs    # Errors  Last Runtime    Last Run
---------------------------------------  -----  ---------  --------  ----------  --------------  -------------------
/opt/airflow/dags/pokemon_extraction.py                           1           0  0.17s           2025-05-04T00:11:46
================================================================================
[2025-05-04T00:12:33.520+0000] {manager.py:878} INFO - 
================================================================================
DAG File Processing Stats

File Path                                PID    Runtime      # DAGs    # Errors  Last Runtime    Last Run
---------------------------------------  -----  ---------  --------  ----------  --------------  -------------------
/opt/airflow/dags/pokemon_extraction.py                           1           0  0.23s           2025-05-04T00:12:16
================================================================================
[2025-05-04T00:13:04.480+0000] {manager.py:878} INFO - 
================================================================================
DAG File Processing Stats

File Path                                PID    Runtime      # DAGs    # Errors  Last Runtime    Last Run
---------------------------------------  -----  ---------  --------  ----------  --------------  -------------------
/opt/airflow/dags/pokemon_extraction.py                           1           0  0.27s           2025-05-04T00:12:46
================================================================================
[2025-05-04T00:13:35.705+0000] {manager.py:878} INFO - 
================================================================================
DAG File Processing Stats

File Path                                PID    Runtime      # DAGs    # Errors  Last Runtime    Last Run
---------------------------------------  -----  ---------  --------  ----------  --------------  -------------------
/opt/airflow/dags/pokemon_extraction.py                           1           0  0.17s           2025-05-04T00:13:17
================================================================================
[2025-05-04T00:14:06.704+0000] {manager.py:878} INFO - 
================================================================================
DAG File Processing Stats

File Path                                PID    Runtime      # DAGs    # Errors  Last Runtime    Last Run
---------------------------------------  -----  ---------  --------  ----------  --------------  -------------------
/opt/airflow/dags/pokemon_extraction.py                           1           0  0.23s           2025-05-04T00:13:48
================================================================================
[2025-05-04T00:14:37.584+0000] {manager.py:878} INFO - 
================================================================================
DAG File Processing Stats

File Path                                PID    Runtime      # DAGs    # Errors  Last Runtime    Last Run
---------------------------------------  -----  ---------  --------  ----------  --------------  -------------------
/opt/airflow/dags/pokemon_extraction.py                           1           0  0.22s           2025-05-04T00:14:18
================================================================================
[2025-05-04T00:15:07.902+0000] {manager.py:878} INFO - 
================================================================================
DAG File Processing Stats

File Path                                PID    Runtime      # DAGs    # Errors  Last Runtime    Last Run
---------------------------------------  -----  ---------  --------  ----------  --------------  -------------------
/opt/airflow/dags/pokemon_extraction.py                           1           0  0.25s           2025-05-04T00:14:49
================================================================================
[2025-05-04T00:15:21.822+0000] {manager.py:737} INFO - Searching for files in /opt/airflow/dags
[2025-05-04T00:15:21.857+0000] {manager.py:740} INFO - There are 1 files in /opt/airflow/dags
[2025-05-04T00:15:39.199+0000] {manager.py:878} INFO - 
================================================================================
DAG File Processing Stats

File Path                                PID    Runtime      # DAGs    # Errors  Last Runtime    Last Run
---------------------------------------  -----  ---------  --------  ----------  --------------  -------------------
/opt/airflow/dags/pokemon_extraction.py                           1           0  0.16s           2025-05-04T00:15:20
================================================================================
[2025-05-04T00:16:10.319+0000] {manager.py:878} INFO - 
================================================================================
DAG File Processing Stats

File Path                                PID    Runtime      # DAGs    # Errors  Last Runtime    Last Run
---------------------------------------  -----  ---------  --------  ----------  --------------  -------------------
/opt/airflow/dags/pokemon_extraction.py                           1           0  0.17s           2025-05-04T00:15:51
================================================================================
[2025-05-04T00:16:41.494+0000] {manager.py:878} INFO - 
================================================================================
DAG File Processing Stats

File Path                                PID    Runtime      # DAGs    # Errors  Last Runtime    Last Run
---------------------------------------  -----  ---------  --------  ----------  --------------  -------------------
/opt/airflow/dags/pokemon_extraction.py                           1           0  0.46s           2025-05-04T00:16:22
================================================================================
[2025-05-04T00:17:12.188+0000] {manager.py:878} INFO - 
================================================================================
DAG File Processing Stats

File Path                                PID    Runtime      # DAGs    # Errors  Last Runtime    Last Run
---------------------------------------  -----  ---------  --------  ----------  --------------  -------------------
/opt/airflow/dags/pokemon_extraction.py                           1           0  0.36s           2025-05-04T00:16:52
================================================================================
[2025-05-04T00:17:43.419+0000] {manager.py:878} INFO - 
================================================================================
DAG File Processing Stats

File Path                                PID    Runtime      # DAGs    # Errors  Last Runtime    Last Run
---------------------------------------  -----  ---------  --------  ----------  --------------  -------------------
/opt/airflow/dags/pokemon_extraction.py                           1           0  0.25s           2025-05-04T00:17:23
================================================================================
[2025-05-04T00:18:14.123+0000] {manager.py:878} INFO - 
================================================================================
DAG File Processing Stats

File Path                                PID    Runtime      # DAGs    # Errors  Last Runtime    Last Run
---------------------------------------  -----  ---------  --------  ----------  --------------  -------------------
/opt/airflow/dags/pokemon_extraction.py                           1           0  0.54s           2025-05-04T00:17:55
================================================================================
[2025-05-04T00:18:45.120+0000] {manager.py:878} INFO - 
================================================================================
DAG File Processing Stats

File Path                                  PID  Runtime      # DAGs    # Errors  Last Runtime    Last Run
---------------------------------------  -----  ---------  --------  ----------  --------------  -------------------
/opt/airflow/dags/pokemon_extraction.py    738  14.88s            1           0  0.54s           2025-05-04T00:17:55
================================================================================
[2025-05-04T00:19:15.903+0000] {manager.py:878} INFO - 
================================================================================
DAG File Processing Stats

File Path                                PID    Runtime      # DAGs    # Errors  Last Runtime    Last Run
---------------------------------------  -----  ---------  --------  ----------  --------------  -------------------
/opt/airflow/dags/pokemon_extraction.py                           1           0  18.74s          2025-05-04T00:18:48
================================================================================
[2025-05-04T00:19:46.783+0000] {manager.py:878} INFO - 
================================================================================
DAG File Processing Stats

File Path                                PID    Runtime      # DAGs    # Errors  Last Runtime    Last Run
---------------------------------------  -----  ---------  --------  ----------  --------------  -------------------
/opt/airflow/dags/pokemon_extraction.py                           1           0  0.21s           2025-05-04T00:19:20
================================================================================
[2025-05-04T00:20:18.215+0000] {manager.py:878} INFO - 
================================================================================
DAG File Processing Stats

File Path                                PID    Runtime      # DAGs    # Errors  Last Runtime    Last Run
---------------------------------------  -----  ---------  --------  ----------  --------------  -------------------
/opt/airflow/dags/pokemon_extraction.py                           1           0  0.69s           2025-05-04T00:19:51
================================================================================
[2025-05-04T00:20:22.260+0000] {manager.py:737} INFO - Searching for files in /opt/airflow/dags
[2025-05-04T00:20:22.293+0000] {manager.py:740} INFO - There are 1 files in /opt/airflow/dags
[2025-05-04T00:20:49.208+0000] {manager.py:878} INFO - 
================================================================================
DAG File Processing Stats

File Path                                PID    Runtime      # DAGs    # Errors  Last Runtime    Last Run
---------------------------------------  -----  ---------  --------  ----------  --------------  -------------------
/opt/airflow/dags/pokemon_extraction.py                           1           0  0.17s           2025-05-04T00:20:22
================================================================================
[2025-05-04T00:21:20.212+0000] {manager.py:878} INFO - 
================================================================================
DAG File Processing Stats

File Path                                PID    Runtime      # DAGs    # Errors  Last Runtime    Last Run
---------------------------------------  -----  ---------  --------  ----------  --------------  -------------------
/opt/airflow/dags/pokemon_extraction.py                           1           0  0.19s           2025-05-04T00:20:53
================================================================================
[2025-05-04T00:21:51.277+0000] {manager.py:878} INFO - 
================================================================================
DAG File Processing Stats

File Path                                PID    Runtime      # DAGs    # Errors  Last Runtime    Last Run
---------------------------------------  -----  ---------  --------  ----------  --------------  -------------------
/opt/airflow/dags/pokemon_extraction.py                           1           0  0.21s           2025-05-04T00:21:24
================================================================================
[2025-05-04T00:22:22.073+0000] {manager.py:878} INFO - 
================================================================================
DAG File Processing Stats

File Path                                PID    Runtime      # DAGs    # Errors  Last Runtime    Last Run
---------------------------------------  -----  ---------  --------  ----------  --------------  -------------------
/opt/airflow/dags/pokemon_extraction.py                           1           0  1.55s           2025-05-04T00:21:56
================================================================================
[2025-05-04T00:22:53.028+0000] {manager.py:878} INFO - 
================================================================================
DAG File Processing Stats

File Path                                PID    Runtime      # DAGs    # Errors  Last Runtime    Last Run
---------------------------------------  -----  ---------  --------  ----------  --------------  -------------------
/opt/airflow/dags/pokemon_extraction.py                           1           0  0.37s           2025-05-04T00:22:27
================================================================================
[2025-05-04T00:23:24.140+0000] {manager.py:878} INFO - 
================================================================================
DAG File Processing Stats

File Path                                PID    Runtime      # DAGs    # Errors  Last Runtime    Last Run
---------------------------------------  -----  ---------  --------  ----------  --------------  -------------------
/opt/airflow/dags/pokemon_extraction.py                           1           0  0.26s           2025-05-04T00:22:58
================================================================================
[2025-05-04T00:23:54.240+0000] {manager.py:878} INFO - 
================================================================================
DAG File Processing Stats

File Path                                PID    Runtime      # DAGs    # Errors  Last Runtime    Last Run
---------------------------------------  -----  ---------  --------  ----------  --------------  -------------------
/opt/airflow/dags/pokemon_extraction.py                           1           0  2.09s           2025-05-04T00:23:30
================================================================================
[2025-05-04T00:24:25.275+0000] {manager.py:878} INFO - 
================================================================================
DAG File Processing Stats

File Path                                PID    Runtime      # DAGs    # Errors  Last Runtime    Last Run
---------------------------------------  -----  ---------  --------  ----------  --------------  -------------------
/opt/airflow/dags/pokemon_extraction.py                           1           0  0.32s           2025-05-04T00:24:01
================================================================================
[2025-05-04T00:24:56.077+0000] {manager.py:878} INFO - 
================================================================================
DAG File Processing Stats

File Path                                PID    Runtime      # DAGs    # Errors  Last Runtime    Last Run
---------------------------------------  -----  ---------  --------  ----------  --------------  -------------------
/opt/airflow/dags/pokemon_extraction.py                           1           0  0.18s           2025-05-04T00:24:32
================================================================================
[2025-05-04T00:25:22.450+0000] {manager.py:737} INFO - Searching for files in /opt/airflow/dags
[2025-05-04T00:25:22.489+0000] {manager.py:740} INFO - There are 1 files in /opt/airflow/dags
[2025-05-04T00:25:27.577+0000] {manager.py:878} INFO - 
================================================================================
DAG File Processing Stats

File Path                                PID    Runtime      # DAGs    # Errors  Last Runtime    Last Run
---------------------------------------  -----  ---------  --------  ----------  --------------  -------------------
/opt/airflow/dags/pokemon_extraction.py                           1           0  0.21s           2025-05-04T00:25:03
================================================================================
[2025-05-04T00:25:58.732+0000] {manager.py:878} INFO - 
================================================================================
DAG File Processing Stats

File Path                                PID    Runtime      # DAGs    # Errors  Last Runtime    Last Run
---------------------------------------  -----  ---------  --------  ----------  --------------  -------------------
/opt/airflow/dags/pokemon_extraction.py                           1           0  0.30s           2025-05-04T00:25:33
================================================================================
[2025-05-04T00:26:29.677+0000] {manager.py:878} INFO - 
================================================================================
DAG File Processing Stats

File Path                                PID    Runtime      # DAGs    # Errors  Last Runtime    Last Run
---------------------------------------  -----  ---------  --------  ----------  --------------  -------------------
/opt/airflow/dags/pokemon_extraction.py                           1           0  0.32s           2025-05-04T00:26:05
================================================================================
[2025-05-04T00:27:00.726+0000] {manager.py:878} INFO - 
================================================================================
DAG File Processing Stats

File Path                                PID    Runtime      # DAGs    # Errors  Last Runtime    Last Run
---------------------------------------  -----  ---------  --------  ----------  --------------  -------------------
/opt/airflow/dags/pokemon_extraction.py                           1           0  0.30s           2025-05-04T00:26:36
================================================================================
[2025-05-04T00:27:31.748+0000] {manager.py:878} INFO - 
================================================================================
DAG File Processing Stats

File Path                                PID    Runtime      # DAGs    # Errors  Last Runtime    Last Run
---------------------------------------  -----  ---------  --------  ----------  --------------  -------------------
/opt/airflow/dags/pokemon_extraction.py                           1           0  0.38s           2025-05-04T00:27:07
================================================================================
[2025-05-04T00:28:02.791+0000] {manager.py:878} INFO - 
================================================================================
DAG File Processing Stats

File Path                                PID    Runtime      # DAGs    # Errors  Last Runtime    Last Run
---------------------------------------  -----  ---------  --------  ----------  --------------  -------------------
/opt/airflow/dags/pokemon_extraction.py                           1           0  0.17s           2025-05-04T00:27:37
================================================================================
[2025-05-04T00:28:33.733+0000] {manager.py:878} INFO - 
================================================================================
DAG File Processing Stats

File Path                                PID    Runtime      # DAGs    # Errors  Last Runtime    Last Run
---------------------------------------  -----  ---------  --------  ----------  --------------  -------------------
/opt/airflow/dags/pokemon_extraction.py                           1           0  0.37s           2025-05-04T00:28:09
================================================================================
[2025-05-04T00:29:04.863+0000] {manager.py:878} INFO - 
================================================================================
DAG File Processing Stats

File Path                                PID    Runtime      # DAGs    # Errors  Last Runtime    Last Run
---------------------------------------  -----  ---------  --------  ----------  --------------  -------------------
/opt/airflow/dags/pokemon_extraction.py                           1           0  0.19s           2025-05-04T00:28:39
================================================================================
[2025-05-04T00:29:35.683+0000] {manager.py:878} INFO - 
================================================================================
DAG File Processing Stats

File Path                                PID    Runtime      # DAGs    # Errors  Last Runtime    Last Run
---------------------------------------  -----  ---------  --------  ----------  --------------  -------------------
/opt/airflow/dags/pokemon_extraction.py                           1           0  0.22s           2025-05-04T00:29:11
================================================================================
